<?xml version="1.0" encoding="UTF-8"?>
<coverage generated="1765303111460" clover="3.2.0">
  <project timestamp="1765303111460" name="All files">
    <metrics statements="528" coveredstatements="316" conditionals="316" coveredconditionals="163" methods="60" coveredmethods="38" elements="904" coveredelements="517" complexity="0" loc="528" ncloc="528" packages="3" files="17" classes="17"/>
    <package name="src">
      <metrics statements="24" coveredstatements="24" conditionals="0" coveredconditionals="0" methods="1" coveredmethods="1"/>
      <file name="app.js" path="C:\Users\Erena\StoryLines\backend\src\app.js">
        <metrics statements="24" coveredstatements="24" conditionals="0" coveredconditionals="0" methods="1" coveredmethods="1"/>
        <line num="13" count="13" type="stmt"/>
        <line num="15" count="13" type="stmt"/>
        <line num="16" count="13" type="stmt"/>
        <line num="17" count="13" type="stmt"/>
        <line num="20" count="13" type="stmt"/>
        <line num="21" count="13" type="stmt"/>
        <line num="46" count="13" type="stmt"/>
        <line num="47" count="13" type="stmt"/>
        <line num="49" count="13" type="stmt"/>
        <line num="50" count="13" type="stmt"/>
        <line num="51" count="13" type="stmt"/>
        <line num="53" count="13" type="stmt"/>
        <line num="54" count="13" type="stmt"/>
        <line num="55" count="13" type="stmt"/>
        <line num="56" count="13" type="stmt"/>
        <line num="57" count="13" type="stmt"/>
        <line num="58" count="13" type="stmt"/>
        <line num="59" count="13" type="stmt"/>
        <line num="61" count="13" type="stmt"/>
        <line num="62" count="13" type="stmt"/>
        <line num="68" count="13" type="stmt"/>
        <line num="69" count="13" type="stmt"/>
        <line num="72" count="13" type="stmt"/>
        <line num="73" count="3" type="stmt"/>
      </file>
    </package>
    <package name="src.routes">
      <metrics statements="451" coveredstatements="286" conditionals="278" coveredconditionals="158" methods="53" coveredmethods="36"/>
      <file name="addFriend.js" path="C:\Users\Erena\StoryLines\backend\src\routes\addFriend.js">
        <metrics statements="19" coveredstatements="10" conditionals="13" coveredconditionals="6" methods="2" coveredmethods="1"/>
        <line num="5" count="13" type="stmt"/>
        <line num="8" count="0" type="cond" truecount="0" falsecount="3"/>
        <line num="11" count="13" type="stmt"/>
        <line num="12" count="14" type="stmt"/>
        <line num="13" count="14" type="stmt"/>
        <line num="15" count="14" type="cond" truecount="4" falsecount="0"/>
        <line num="16" count="2" type="stmt"/>
        <line num="18" count="12" type="stmt"/>
        <line num="20" count="12" type="cond" truecount="1" falsecount="1"/>
        <line num="21" count="12" type="cond" truecount="1" falsecount="1"/>
        <line num="22" count="12" type="stmt"/>
        <line num="25" count="0" type="stmt"/>
        <line num="31" count="0" type="cond" truecount="0" falsecount="2"/>
        <line num="33" count="0" type="stmt"/>
        <line num="39" count="0" type="stmt"/>
        <line num="41" count="0" type="stmt"/>
        <line num="49" count="0" type="stmt"/>
        <line num="55" count="0" type="stmt"/>
        <line num="56" count="0" type="stmt"/>
      </file>
      <file name="avatar.js" path="C:\Users\Erena\StoryLines\backend\src\routes\avatar.js">
        <metrics statements="34" coveredstatements="7" conditionals="18" coveredconditionals="3" methods="2" coveredmethods="1"/>
        <line num="5" count="13" type="stmt"/>
        <line num="8" count="13" type="stmt"/>
        <line num="9" count="2" type="stmt"/>
        <line num="10" count="2" type="stmt"/>
        <line num="12" count="2" type="cond" truecount="3" falsecount="1"/>
        <line num="13" count="2" type="stmt"/>
        <line num="15" count="0" type="stmt"/>
        <line num="21" count="0" type="cond" truecount="0" falsecount="2"/>
        <line num="22" count="0" type="stmt"/>
        <line num="23" count="0" type="stmt"/>
        <line num="26" count="0" type="cond" truecount="0" falsecount="2"/>
        <line num="27" count="0" type="cond" truecount="0" falsecount="2"/>
        <line num="28" count="0" type="stmt"/>
        <line num="30" count="0" type="stmt"/>
        <line num="32" count="0" type="stmt"/>
        <line num="36" count="0" type="cond" truecount="0" falsecount="2"/>
        <line num="38" count="0" type="stmt"/>
        <line num="42" count="0" type="cond" truecount="0" falsecount="2"/>
        <line num="44" count="0" type="stmt"/>
        <line num="49" count="0" type="stmt"/>
        <line num="51" count="0" type="stmt"/>
        <line num="52" count="0" type="stmt"/>
        <line num="57" count="13" type="stmt"/>
        <line num="58" count="0" type="stmt"/>
        <line num="59" count="0" type="stmt"/>
        <line num="60" count="0" type="cond" truecount="0" falsecount="2"/>
        <line num="62" count="0" type="stmt"/>
        <line num="68" count="0" type="cond" truecount="0" falsecount="2"/>
        <line num="69" count="0" type="stmt"/>
        <line num="70" count="0" type="stmt"/>
        <line num="73" count="0" type="stmt"/>
        <line num="78" count="0" type="stmt"/>
        <line num="80" count="0" type="stmt"/>
        <line num="81" count="0" type="stmt"/>
      </file>
      <file name="balance.js" path="C:\Users\Erena\StoryLines\backend\src\routes\balance.js">
        <metrics statements="42" coveredstatements="35" conditionals="22" coveredconditionals="17" methods="4" coveredmethods="4"/>
        <line num="5" count="13" type="stmt"/>
        <line num="10" count="4" type="stmt"/>
        <line num="16" count="4" type="cond" truecount="1" falsecount="1"/>
        <line num="17" count="4" type="cond" truecount="2" falsecount="0"/>
        <line num="20" count="1" type="stmt"/>
        <line num="26" count="1" type="cond" truecount="1" falsecount="1"/>
        <line num="27" count="1" type="stmt"/>
        <line num="33" count="13" type="stmt"/>
        <line num="34" count="1" type="stmt"/>
        <line num="36" count="1" type="stmt"/>
        <line num="37" count="1" type="stmt"/>
        <line num="38" count="1" type="stmt"/>
        <line num="40" count="0" type="stmt"/>
        <line num="41" count="0" type="stmt"/>
        <line num="49" count="13" type="stmt"/>
        <line num="50" count="2" type="stmt"/>
        <line num="52" count="2" type="stmt"/>
        <line num="54" count="2" type="cond" truecount="5" falsecount="0"/>
        <line num="55" count="1" type="stmt"/>
        <line num="58" count="1" type="stmt"/>
        <line num="59" count="1" type="stmt"/>
        <line num="60" count="1" type="stmt"/>
        <line num="62" count="1" type="stmt"/>
        <line num="72" count="1" type="cond" truecount="1" falsecount="1"/>
        <line num="74" count="1" type="stmt"/>
        <line num="76" count="0" type="stmt"/>
        <line num="77" count="0" type="stmt"/>
        <line num="85" count="13" type="stmt"/>
        <line num="86" count="2" type="stmt"/>
        <line num="88" count="2" type="stmt"/>
        <line num="90" count="2" type="cond" truecount="4" falsecount="1"/>
        <line num="91" count="0" type="stmt"/>
        <line num="94" count="2" type="stmt"/>
        <line num="95" count="2" type="stmt"/>
        <line num="97" count="2" type="cond" truecount="2" falsecount="0"/>
        <line num="98" count="1" type="stmt"/>
        <line num="103" count="1" type="stmt"/>
        <line num="105" count="1" type="stmt"/>
        <line num="115" count="1" type="cond" truecount="1" falsecount="1"/>
        <line num="117" count="1" type="stmt"/>
        <line num="119" count="0" type="stmt"/>
        <line num="120" count="0" type="stmt"/>
      </file>
      <file name="deleteFriend.js" path="C:\Users\Erena\StoryLines\backend\src\routes\deleteFriend.js">
        <metrics statements="14" coveredstatements="8" conditionals="8" coveredconditionals="7" methods="2" coveredmethods="1"/>
        <line num="4" count="13" type="stmt"/>
        <line num="6" count="13" type="stmt"/>
        <line num="7" count="5" type="stmt"/>
        <line num="8" count="5" type="stmt"/>
        <line num="10" count="5" type="cond" truecount="4" falsecount="0"/>
        <line num="11" count="2" type="stmt"/>
        <line num="13" count="3" type="stmt"/>
        <line num="20" count="3" type="cond" truecount="3" falsecount="1"/>
        <line num="22" count="0" type="stmt"/>
        <line num="24" count="0" type="stmt"/>
        <line num="25" count="0" type="stmt"/>
        <line num="27" count="0" type="stmt"/>
        <line num="29" count="0" type="stmt"/>
        <line num="30" count="0" type="stmt"/>
      </file>
      <file name="friendRequest.js" path="C:\Users\Erena\StoryLines\backend\src\routes\friendRequest.js">
        <metrics statements="31" coveredstatements="9" conditionals="22" coveredconditionals="7" methods="4" coveredmethods="1"/>
        <line num="4" count="13" type="stmt"/>
        <line num="7" count="0" type="cond" truecount="0" falsecount="3"/>
        <line num="10" count="13" type="stmt"/>
        <line num="11" count="4" type="stmt"/>
        <line num="12" count="4" type="stmt"/>
        <line num="14" count="4" type="cond" truecount="5" falsecount="0"/>
        <line num="15" count="3" type="stmt"/>
        <line num="17" count="1" type="stmt"/>
        <line num="23" count="1" type="cond" truecount="1" falsecount="1"/>
        <line num="25" count="1" type="cond" truecount="1" falsecount="1"/>
        <line num="27" count="0" type="cond" truecount="0" falsecount="2"/>
        <line num="28" count="0" type="stmt"/>
        <line num="30" count="0" type="stmt"/>
        <line num="32" count="0" type="cond" truecount="0" falsecount="4"/>
        <line num="33" count="0" type="stmt"/>
        <line num="36" count="0" type="cond" truecount="0" falsecount="2"/>
        <line num="37" count="0" type="stmt"/>
        <line num="39" count="0" type="stmt"/>
        <line num="44" count="0" type="stmt"/>
        <line num="45" count="0" type="stmt"/>
        <line num="47" count="0" type="stmt"/>
        <line num="51" count="0" type="stmt"/>
        <line num="53" count="0" type="stmt"/>
        <line num="70" count="0" type="stmt"/>
        <line num="74" count="0" type="cond" truecount="0" falsecount="2"/>
        <line num="75" count="0" type="stmt"/>
        <line num="76" count="0" type="stmt"/>
        <line num="78" count="0" type="stmt"/>
        <line num="81" count="0" type="stmt"/>
        <line num="83" count="0" type="stmt"/>
        <line num="84" count="0" type="stmt"/>
      </file>
      <file name="friends.js" path="C:\Users\Erena\StoryLines\backend\src\routes\friends.js">
        <metrics statements="18" coveredstatements="12" conditionals="8" coveredconditionals="4" methods="2" coveredmethods="1"/>
        <line num="4" count="13" type="stmt"/>
        <line num="6" count="13" type="stmt"/>
        <line num="7" count="2" type="stmt"/>
        <line num="8" count="2" type="stmt"/>
        <line num="9" count="2" type="stmt"/>
        <line num="11" count="2" type="cond" truecount="2" falsecount="0"/>
        <line num="13" count="1" type="stmt"/>
        <line num="25" count="1" type="cond" truecount="1" falsecount="1"/>
        <line num="26" count="0" type="stmt"/>
        <line num="29" count="1" type="stmt"/>
        <line num="30" count="1" type="cond" truecount="1" falsecount="1"/>
        <line num="32" count="1" type="stmt"/>
        <line num="33" count="0" type="stmt"/>
        <line num="34" count="0" type="cond" truecount="0" falsecount="2"/>
        <line num="36" count="0" type="stmt"/>
        <line num="47" count="1" type="stmt"/>
        <line num="49" count="0" type="stmt"/>
        <line num="50" count="0" type="stmt"/>
      </file>
      <file name="health.js" path="C:\Users\Erena\StoryLines\backend\src\routes\health.js">
        <metrics statements="3" coveredstatements="3" conditionals="2" coveredconditionals="1" methods="1" coveredmethods="1"/>
        <line num="3" count="13" type="stmt"/>
        <line num="5" count="13" type="stmt"/>
        <line num="6" count="3" type="stmt"/>
      </file>
      <file name="notifications.js" path="C:\Users\Erena\StoryLines\backend\src\routes\notifications.js">
        <metrics statements="10" coveredstatements="8" conditionals="4" coveredconditionals="3" methods="1" coveredmethods="1"/>
        <line num="4" count="13" type="stmt"/>
        <line num="6" count="13" type="stmt"/>
        <line num="7" count="2" type="stmt"/>
        <line num="8" count="2" type="stmt"/>
        <line num="9" count="2" type="cond" truecount="2" falsecount="0"/>
        <line num="11" count="1" type="stmt"/>
        <line num="30" count="1" type="cond" truecount="1" falsecount="1"/>
        <line num="32" count="1" type="stmt"/>
        <line num="34" count="0" type="stmt"/>
        <line num="35" count="0" type="stmt"/>
      </file>
      <file name="profile.js" path="C:\Users\Erena\StoryLines\backend\src\routes\profile.js">
        <metrics statements="56" coveredstatements="41" conditionals="62" coveredconditionals="45" methods="4" coveredmethods="2"/>
        <line num="4" count="13" type="stmt"/>
        <line num="9" count="13" type="cond" truecount="0" falsecount="1"/>
        <line num="10" count="12" type="stmt"/>
        <line num="15" count="13" type="stmt"/>
        <line num="16" count="15" type="stmt"/>
        <line num="17" count="15" type="cond" truecount="1" falsecount="1"/>
        <line num="18" count="15" type="stmt"/>
        <line num="23" count="15" type="cond" truecount="2" falsecount="0"/>
        <line num="24" count="3" type="cond" truecount="4" falsecount="0"/>
        <line num="25" count="2" type="stmt"/>
        <line num="27" count="1" type="stmt"/>
        <line num="32" count="1" type="cond" truecount="1" falsecount="1"/>
        <line num="34" count="1" type="stmt"/>
        <line num="35" count="0" type="cond" truecount="0" falsecount="2"/>
        <line num="38" count="1" type="cond" truecount="1" falsecount="1"/>
        <line num="39" count="1" type="stmt"/>
        <line num="43" count="0" type="stmt"/>
        <line num="49" count="12" type="cond" truecount="2" falsecount="0"/>
        <line num="50" count="1" type="stmt"/>
        <line num="52" count="11" type="cond" truecount="4" falsecount="0"/>
        <line num="53" count="1" type="stmt"/>
        <line num="55" count="10" type="cond" truecount="2" falsecount="2"/>
        <line num="56" count="0" type="stmt"/>
        <line num="59" count="10" type="cond" truecount="2" falsecount="0"/>
        <line num="60" count="10" type="cond" truecount="2" falsecount="0"/>
        <line num="61" count="10" type="cond" truecount="2" falsecount="0"/>
        <line num="62" count="10" type="cond" truecount="1" falsecount="1"/>
        <line num="63" count="10" type="cond" truecount="1" falsecount="1"/>
        <line num="68" count="10" type="cond" truecount="5" falsecount="0"/>
        <line num="69" count="3" type="stmt"/>
        <line num="73" count="7" type="cond" truecount="4" falsecount="0"/>
        <line num="74" count="1" type="stmt"/>
        <line num="76" count="6" type="cond" truecount="4" falsecount="0"/>
        <line num="77" count="1" type="stmt"/>
        <line num="84" count="5" type="stmt"/>
        <line num="91" count="5" type="cond" truecount="1" falsecount="1"/>
        <line num="92" count="0" type="stmt"/>
        <line num="97" count="5" type="stmt"/>
        <line num="103" count="5" type="cond" truecount="2" falsecount="0"/>
        <line num="104" count="5" type="cond" truecount="2" falsecount="0"/>
        <line num="105" count="5" type="cond" truecount="1" falsecount="1"/>
        <line num="110" count="5" type="stmt"/>
        <line num="115" count="5" type="cond" truecount="1" falsecount="1"/>
        <line num="117" count="5" type="stmt"/>
        <line num="123" count="0" type="stmt"/>
        <line num="124" count="0" type="stmt"/>
        <line num="133" count="13" type="stmt"/>
        <line num="134" count="0" type="stmt"/>
        <line num="135" count="0" type="stmt"/>
        <line num="136" count="0" type="cond" truecount="0" falsecount="2"/>
        <line num="138" count="0" type="stmt"/>
        <line num="144" count="0" type="cond" truecount="0" falsecount="2"/>
        <line num="145" count="0" type="stmt"/>
        <line num="147" count="0" type="stmt"/>
        <line num="149" count="0" type="stmt"/>
        <line num="150" count="0" type="stmt"/>
      </file>
      <file name="purchases.js" path="C:\Users\Erena\StoryLines\backend\src\routes\purchases.js">
        <metrics statements="22" coveredstatements="3" conditionals="14" coveredconditionals="0" methods="3" coveredmethods="0"/>
        <line num="4" count="13" type="stmt"/>
        <line num="7" count="13" type="stmt"/>
        <line num="8" count="0" type="stmt"/>
        <line num="10" count="0" type="stmt"/>
        <line num="15" count="0" type="cond" truecount="0" falsecount="2"/>
        <line num="17" count="0" type="stmt"/>
        <line num="21" count="13" type="stmt"/>
        <line num="22" count="0" type="stmt"/>
        <line num="25" count="0" type="stmt"/>
        <line num="32" count="0" type="cond" truecount="0" falsecount="2"/>
        <line num="33" count="0" type="stmt"/>
        <line num="37" count="0" type="stmt"/>
        <line num="43" count="0" type="cond" truecount="0" falsecount="4"/>
        <line num="44" count="0" type="stmt"/>
        <line num="48" count="0" type="stmt"/>
        <line num="54" count="0" type="cond" truecount="0" falsecount="4"/>
        <line num="55" count="0" type="stmt"/>
        <line num="58" count="0" type="cond" truecount="0" falsecount="2"/>
        <line num="59" count="0" type="stmt"/>
        <line num="63" count="0" type="stmt"/>
        <line num="69" count="0" type="stmt"/>
        <line num="73" count="0" type="stmt"/>
      </file>
      <file name="search.js" path="C:\Users\Erena\StoryLines\backend\src\routes\search.js">
        <metrics statements="21" coveredstatements="11" conditionals="6" coveredconditionals="4" methods="3" coveredmethods="2"/>
        <line num="4" count="13" type="stmt"/>
        <line num="7" count="13" type="stmt"/>
        <line num="8" count="2" type="stmt"/>
        <line num="9" count="2" type="stmt"/>
        <line num="11" count="2" type="cond" truecount="2" falsecount="0"/>
        <line num="12" count="1" type="cond" truecount="1" falsecount="1"/>
        <line num="14" count="0" type="stmt"/>
        <line num="16" count="0" type="stmt"/>
        <line num="17" count="0" type="stmt"/>
        <line num="23" count="0" type="stmt"/>
        <line num="25" count="0" type="stmt"/>
        <line num="26" count="0" type="stmt"/>
        <line num="31" count="13" type="stmt"/>
        <line num="32" count="1" type="stmt"/>
        <line num="33" count="1" type="stmt"/>
        <line num="34" count="1" type="stmt"/>
        <line num="36" count="1" type="cond" truecount="1" falsecount="1"/>
        <line num="38" count="0" type="stmt"/>
        <line num="40" count="0" type="stmt"/>
        <line num="42" count="0" type="stmt"/>
        <line num="43" count="0" type="stmt"/>
      </file>
      <file name="shop.js" path="C:\Users\Erena\StoryLines\backend\src\routes\shop.js">
        <metrics statements="25" coveredstatements="17" conditionals="6" coveredconditionals="4" methods="3" coveredmethods="3"/>
        <line num="4" count="13" type="stmt"/>
        <line num="7" count="13" type="stmt"/>
        <line num="8" count="1" type="stmt"/>
        <line num="9" count="1" type="stmt"/>
        <line num="14" count="1" type="stmt"/>
        <line num="16" count="1" type="cond" truecount="1" falsecount="1"/>
        <line num="17" count="0" type="stmt"/>
        <line num="18" count="0" type="stmt"/>
        <line num="21" count="1" type="stmt"/>
        <line num="33" count="1" type="stmt"/>
        <line num="35" count="0" type="stmt"/>
        <line num="36" count="0" type="stmt"/>
        <line num="41" count="13" type="stmt"/>
        <line num="42" count="2" type="stmt"/>
        <line num="44" count="2" type="stmt"/>
        <line num="45" count="2" type="stmt"/>
        <line num="51" count="2" type="cond" truecount="1" falsecount="1"/>
        <line num="52" count="0" type="stmt"/>
        <line num="53" count="0" type="stmt"/>
        <line num="56" count="2" type="cond" truecount="2" falsecount="0"/>
        <line num="57" count="1" type="stmt"/>
        <line num="60" count="1" type="stmt"/>
        <line num="72" count="1" type="stmt"/>
        <line num="74" count="0" type="stmt"/>
        <line num="75" count="0" type="stmt"/>
      </file>
      <file name="trips.js" path="C:\Users\Erena\StoryLines\backend\src\routes\trips.js">
        <metrics statements="149" coveredstatements="120" conditionals="93" coveredconditionals="57" methods="21" coveredmethods="18"/>
        <line num="4" count="13" type="stmt"/>
        <line num="9" count="13" type="stmt"/>
        <line num="10" count="1" type="stmt"/>
        <line num="11" count="1" type="stmt"/>
        <line num="16" count="1" type="cond" truecount="1" falsecount="1"/>
        <line num="18" count="1" type="stmt"/>
        <line num="25" count="1" type="cond" truecount="1" falsecount="1"/>
        <line num="27" count="1" type="stmt"/>
        <line num="28" count="1" type="cond" truecount="1" falsecount="1"/>
        <line num="29" count="1" type="cond" truecount="1" falsecount="1"/>
        <line num="30" count="1" type="stmt"/>
        <line num="39" count="1" type="stmt"/>
        <line num="54" count="1" type="stmt"/>
        <line num="56" count="0" type="stmt"/>
        <line num="57" count="0" type="stmt"/>
        <line num="64" count="13" type="stmt"/>
        <line num="65" count="2" type="stmt"/>
        <line num="66" count="2" type="stmt"/>
        <line num="69" count="2" type="stmt"/>
        <line num="74" count="2" type="cond" truecount="1" falsecount="1"/>
        <line num="77" count="2" type="stmt"/>
        <line num="79" count="2" type="stmt"/>
        <line num="85" count="2" type="cond" truecount="1" falsecount="1"/>
        <line num="87" count="2" type="stmt"/>
        <line num="95" count="2" type="cond" truecount="1" falsecount="1"/>
        <line num="97" count="2" type="stmt"/>
        <line num="98" count="2" type="cond" truecount="1" falsecount="1"/>
        <line num="99" count="0" type="cond" truecount="0" falsecount="2"/>
        <line num="100" count="0" type="stmt"/>
        <line num="109" count="2" type="stmt"/>
        <line num="116" count="3" type="cond" truecount="1" falsecount="1"/>
        <line num="126" count="2" type="stmt"/>
        <line num="128" count="2" type="stmt"/>
        <line num="130" count="0" type="stmt"/>
        <line num="131" count="0" type="stmt"/>
        <line num="138" count="13" type="stmt"/>
        <line num="139" count="3" type="stmt"/>
        <line num="140" count="3" type="stmt"/>
        <line num="142" count="3" type="stmt"/>
        <line num="148" count="2" type="cond" truecount="4" falsecount="0"/>
        <line num="149" count="1" type="stmt"/>
        <line num="151" count="1" type="stmt"/>
        <line num="159" count="1" type="stmt"/>
        <line num="170" count="1" type="stmt"/>
        <line num="179" count="1" type="stmt"/>
        <line num="193" count="1" type="stmt"/>
        <line num="195" count="1" type="stmt"/>
        <line num="200" count="1" type="stmt"/>
        <line num="205" count="1" type="stmt"/>
        <line num="206" count="1" type="cond" truecount="1" falsecount="1"/>
        <line num="207" count="1" type="stmt"/>
        <line num="213" count="1" type="stmt"/>
        <line num="216" count="1" type="stmt"/>
        <line num="217" count="1" type="cond" truecount="1" falsecount="1"/>
        <line num="218" count="1" type="stmt"/>
        <line num="224" count="1" type="stmt"/>
        <line num="227" count="1" type="stmt"/>
        <line num="253" count="1" type="stmt"/>
        <line num="254" count="1" type="stmt"/>
        <line num="262" count="13" type="stmt"/>
        <line num="263" count="3" type="stmt"/>
        <line num="264" count="3" type="stmt"/>
        <line num="266" count="3" type="cond" truecount="2" falsecount="0"/>
        <line num="267" count="2" type="cond" truecount="1" falsecount="1"/>
        <line num="268" count="2" type="cond" truecount="3" falsecount="1"/>
        <line num="269" count="2" type="cond" truecount="1" falsecount="1"/>
        <line num="270" count="2" type="cond" truecount="1" falsecount="1"/>
        <line num="272" count="2" type="stmt"/>
        <line num="278" count="2" type="cond" truecount="2" falsecount="0"/>
        <line num="280" count="1" type="stmt"/>
        <line num="282" count="1" type="stmt"/>
        <line num="283" count="1" type="stmt"/>
        <line num="292" count="1" type="stmt"/>
        <line num="294" count="1" type="stmt"/>
        <line num="295" count="1" type="stmt"/>
        <line num="302" count="13" type="stmt"/>
        <line num="303" count="2" type="stmt"/>
        <line num="304" count="2" type="stmt"/>
        <line num="305" count="2" type="stmt"/>
        <line num="307" count="2" type="cond" truecount="3" falsecount="1"/>
        <line num="308" count="0" type="stmt"/>
        <line num="310" count="2" type="stmt"/>
        <line num="317" count="2" type="cond" truecount="2" falsecount="0"/>
        <line num="318" count="1" type="stmt"/>
        <line num="322" count="1" type="cond" truecount="2" falsecount="2"/>
        <line num="323" count="0" type="stmt"/>
        <line num="325" count="1" type="stmt"/>
        <line num="330" count="2" type="stmt"/>
        <line num="335" count="2" type="stmt"/>
        <line num="337" count="0" type="stmt"/>
        <line num="338" count="0" type="stmt"/>
        <line num="342" count="13" type="stmt"/>
        <line num="343" count="1" type="stmt"/>
        <line num="344" count="1" type="stmt"/>
        <line num="346" count="1" type="stmt"/>
        <line num="352" count="1" type="stmt"/>
        <line num="356" count="1" type="stmt"/>
        <line num="361" count="1" type="stmt"/>
        <line num="363" count="0" type="stmt"/>
        <line num="364" count="0" type="stmt"/>
        <line num="371" count="13" type="stmt"/>
        <line num="372" count="1" type="stmt"/>
        <line num="373" count="1" type="stmt"/>
        <line num="374" count="1" type="stmt"/>
        <line num="376" count="1" type="cond" truecount="4" falsecount="1"/>
        <line num="377" count="0" type="stmt"/>
        <line num="379" count="1" type="stmt"/>
        <line num="383" count="1" type="stmt"/>
        <line num="387" count="1" type="stmt"/>
        <line num="392" count="1" type="stmt"/>
        <line num="394" count="0" type="stmt"/>
        <line num="395" count="0" type="stmt"/>
        <line num="399" count="13" type="stmt"/>
        <line num="400" count="1" type="stmt"/>
        <line num="401" count="1" type="stmt"/>
        <line num="403" count="1" type="stmt"/>
        <line num="409" count="1" type="stmt"/>
        <line num="413" count="1" type="stmt"/>
        <line num="418" count="1" type="stmt"/>
        <line num="420" count="0" type="stmt"/>
        <line num="421" count="0" type="stmt"/>
        <line num="428" count="13" type="stmt"/>
        <line num="429" count="2" type="stmt"/>
        <line num="430" count="2" type="stmt"/>
        <line num="431" count="2" type="stmt"/>
        <line num="433" count="2" type="cond" truecount="3" falsecount="1"/>
        <line num="434" count="0" type="stmt"/>
        <line num="437" count="2" type="stmt"/>
        <line num="444" count="2" type="cond" truecount="2" falsecount="0"/>
        <line num="445" count="1" type="stmt"/>
        <line num="449" count="1" type="cond" truecount="2" falsecount="2"/>
        <line num="450" count="0" type="stmt"/>
        <line num="453" count="2" type="stmt"/>
        <line num="455" count="0" type="stmt"/>
        <line num="456" count="0" type="stmt"/>
        <line num="460" count="13" type="stmt"/>
        <line num="461" count="1" type="stmt"/>
        <line num="462" count="1" type="stmt"/>
        <line num="464" count="1" type="stmt"/>
        <line num="470" count="1" type="stmt"/>
        <line num="472" count="0" type="stmt"/>
        <line num="473" count="0" type="stmt"/>
        <line num="480" count="13" type="stmt"/>
        <line num="481" count="0" type="stmt"/>
        <line num="482" count="0" type="stmt"/>
        <line num="483" count="0" type="stmt"/>
        <line num="486" count="0" type="stmt"/>
        <line num="488" count="0" type="stmt"/>
        <line num="489" count="0" type="stmt"/>
      </file>
      <file name="users.js" path="C:\Users\Erena\StoryLines\backend\src\routes\users.js">
        <metrics statements="7" coveredstatements="2" conditionals="0" coveredconditionals="0" methods="1" coveredmethods="0"/>
        <line num="4" count="13" type="stmt"/>
        <line num="7" count="13" type="stmt"/>
        <line num="9" count="0" type="stmt"/>
        <line num="10" count="0" type="stmt"/>
        <line num="11" count="0" type="stmt"/>
        <line num="12" count="0" type="stmt"/>
        <line num="14" count="0" type="stmt"/>
      </file>
    </package>
    <package name="src.services">
      <metrics statements="53" coveredstatements="6" conditionals="38" coveredconditionals="5" methods="6" coveredmethods="1"/>
      <file name="searchService.js" path="C:\Users\Erena\StoryLines\backend\src\services\searchService.js">
        <metrics statements="45" coveredstatements="5" conditionals="34" coveredconditionals="5" methods="5" coveredmethods="1"/>
        <line num="10" count="0" type="cond" truecount="0" falsecount="4"/>
        <line num="11" count="0" type="stmt"/>
        <line num="14" count="0" type="stmt"/>
        <line num="17" count="0" type="stmt"/>
        <line num="23" count="0" type="cond" truecount="0" falsecount="2"/>
        <line num="24" count="0" type="stmt"/>
        <line num="28" count="0" type="stmt"/>
        <line num="29" count="0" type="cond" truecount="0" falsecount="2"/>
        <line num="33" count="0" type="stmt"/>
        <line num="41" count="0" type="cond" truecount="0" falsecount="2"/>
        <line num="42" count="0" type="stmt"/>
        <line num="46" count="0" type="stmt"/>
        <line num="47" count="0" type="stmt"/>
        <line num="49" count="0" type="stmt"/>
        <line num="50" count="0" type="cond" truecount="0" falsecount="2"/>
        <line num="51" count="0" type="stmt"/>
        <line num="53" count="0" type="stmt"/>
        <line num="58" count="0" type="stmt"/>
        <line num="60" count="0" type="stmt"/>
        <line num="71" count="0" type="stmt"/>
        <line num="76" count="0" type="cond" truecount="0" falsecount="2"/>
        <line num="77" count="0" type="stmt"/>
        <line num="80" count="0" type="cond" truecount="0" falsecount="2"/>
        <line num="81" count="0" type="stmt"/>
        <line num="84" count="0" type="stmt"/>
        <line num="86" count="0" type="cond" truecount="0" falsecount="2"/>
        <line num="87" count="0" type="stmt"/>
        <line num="90" count="0" type="cond" truecount="0" falsecount="2"/>
        <line num="92" count="0" type="cond" truecount="0" falsecount="2"/>
        <line num="93" count="0" type="stmt"/>
        <line num="95" count="0" type="stmt"/>
        <line num="99" count="0" type="stmt"/>
        <line num="110" count="12" type="cond" truecount="2" falsecount="0"/>
        <line num="111" count="1" type="stmt"/>
        <line num="118" count="11" type="stmt"/>
        <line num="124" count="11" type="cond" truecount="3" falsecount="1"/>
        <line num="125" count="11" type="stmt"/>
        <line num="132" count="0" type="stmt"/>
        <line num="134" count="0" type="cond" truecount="0" falsecount="2"/>
        <line num="135" count="0" type="stmt"/>
        <line num="141" count="0" type="cond" truecount="0" falsecount="2"/>
        <line num="142" count="0" type="stmt"/>
        <line num="148" count="0" type="cond" truecount="0" falsecount="2"/>
        <line num="149" count="0" type="stmt"/>
        <line num="155" count="0" type="stmt"/>
      </file>
      <file name="userService.js" path="C:\Users\Erena\StoryLines\backend\src\services\userService.js">
        <metrics statements="8" coveredstatements="1" conditionals="4" coveredconditionals="0" methods="1" coveredmethods="0"/>
        <line num="3" count="13" type="stmt"/>
        <line num="5" count="0" type="stmt"/>
        <line num="10" count="0" type="cond" truecount="0" falsecount="2"/>
        <line num="11" count="0" type="stmt"/>
        <line num="13" count="0" type="stmt"/>
        <line num="14" count="0" type="cond" truecount="0" falsecount="2"/>
        <line num="15" count="0" type="stmt"/>
        <line num="18" count="0" type="stmt"/>
      </file>
    </package>
  </project>
</coverage>
