{"C:\\Users\\Erena\\StoryLines\\backend\\src\\app.js": {"path":"C:\\Users\\Erena\\StoryLines\\backend\\src\\app.js","statementMap":{"0":{"start":{"line":13,"column":12},"end":{"line":13,"column":21}},"1":{"start":{"line":15,"column":0},"end":{"line":15,"column":16}},"2":{"start":{"line":16,"column":0},"end":{"line":16,"column":41}},"3":{"start":{"line":17,"column":0},"end":{"line":17,"column":48}},"4":{"start":{"line":20,"column":19},"end":{"line":20,"column":49}},"5":{"start":{"line":21,"column":18},"end":{"line":21,"column":42}},"6":{"start":{"line":46,"column":0},"end":{"line":46,"column":37}},"7":{"start":{"line":47,"column":0},"end":{"line":47,"column":39}},"8":{"start":{"line":49,"column":0},"end":{"line":49,"column":39}},"9":{"start":{"line":50,"column":0},"end":{"line":50,"column":44}},"10":{"start":{"line":51,"column":0},"end":{"line":51,"column":50}},"11":{"start":{"line":53,"column":0},"end":{"line":53,"column":51}},"12":{"start":{"line":54,"column":0},"end":{"line":54,"column":37}},"13":{"start":{"line":55,"column":0},"end":{"line":55,"column":35}},"14":{"start":{"line":56,"column":0},"end":{"line":56,"column":35}},"15":{"start":{"line":57,"column":0},"end":{"line":57,"column":33}},"16":{"start":{"line":58,"column":0},"end":{"line":58,"column":39}},"17":{"start":{"line":59,"column":0},"end":{"line":59,"column":43}},"18":{"start":{"line":61,"column":0},"end":{"line":61,"column":37}},"19":{"start":{"line":62,"column":0},"end":{"line":62,"column":52}},"20":{"start":{"line":68,"column":21},"end":{"line":68,"column":64}},"21":{"start":{"line":69,"column":0},"end":{"line":69,"column":38}},"22":{"start":{"line":72,"column":0},"end":{"line":74,"column":3}},"23":{"start":{"line":73,"column":2},"end":{"line":73,"column":54}}},"fnMap":{"0":{"name":"(anonymous_0)","decl":{"start":{"line":72,"column":14},"end":{"line":72,"column":15}},"loc":{"start":{"line":72,"column":29},"end":{"line":74,"column":1}},"line":72}},"branchMap":{},"s":{"0":13,"1":13,"2":13,"3":13,"4":13,"5":13,"6":13,"7":13,"8":13,"9":13,"10":13,"11":13,"12":13,"13":13,"14":13,"15":13,"16":13,"17":13,"18":13,"19":13,"20":13,"21":13,"22":13,"23":3},"f":{"0":3},"b":{},"inputSourceMap":null,"_coverageSchema":"1a1c01bbd47fc00a2c39e90264f33305004495a9","hash":"caa6f7140e7b782492f14bae75013257781fc650"}
,"C:\\Users\\Erena\\StoryLines\\backend\\src\\routes\\addFriend.js": {"path":"C:\\Users\\Erena\\StoryLines\\backend\\src\\routes\\addFriend.js","statementMap":{"0":{"start":{"line":5,"column":15},"end":{"line":5,"column":23}},"1":{"start":{"line":8,"column":2},"end":{"line":8,"column":59}},"2":{"start":{"line":11,"column":0},"end":{"line":58,"column":3}},"3":{"start":{"line":12,"column":2},"end":{"line":57,"column":3}},"4":{"start":{"line":13,"column":35},"end":{"line":13,"column":43}},"5":{"start":{"line":15,"column":4},"end":{"line":16,"column":62}},"6":{"start":{"line":16,"column":6},"end":{"line":16,"column":62}},"7":{"start":{"line":18,"column":23},"end":{"line":18,"column":70}},"8":{"start":{"line":20,"column":4},"end":{"line":23,"column":5}},"9":{"start":{"line":21,"column":21},"end":{"line":21,"column":64}},"10":{"start":{"line":22,"column":6},"end":{"line":22,"column":66}},"11":{"start":{"line":25,"column":40},"end":{"line":29,"column":15}},"12":{"start":{"line":31,"column":4},"end":{"line":31,"column":27}},"13":{"start":{"line":31,"column":15},"end":{"line":31,"column":27}},"14":{"start":{"line":33,"column":29},"end":{"line":37,"column":15}},"15":{"start":{"line":39,"column":23},"end":{"line":39,"column":47}},"16":{"start":{"line":41,"column":4},"end":{"line":47,"column":7}},"17":{"start":{"line":49,"column":4},"end":{"line":53,"column":7}},"18":{"start":{"line":55,"column":4},"end":{"line":55,"column":43}},"19":{"start":{"line":56,"column":4},"end":{"line":56,"column":54}}},"fnMap":{"0":{"name":"buildDisplayName","decl":{"start":{"line":7,"column":9},"end":{"line":7,"column":25}},"loc":{"start":{"line":7,"column":32},"end":{"line":9,"column":1}},"line":7},"1":{"name":"(anonymous_1)","decl":{"start":{"line":11,"column":17},"end":{"line":11,"column":18}},"loc":{"start":{"line":11,"column":37},"end":{"line":58,"column":1}},"line":11}},"branchMap":{"0":{"loc":{"start":{"line":8,"column":9},"end":{"line":8,"column":58}},"type":"binary-expr","locations":[{"start":{"line":8,"column":9},"end":{"line":8,"column":27}},{"start":{"line":8,"column":31},"end":{"line":8,"column":45}},{"start":{"line":8,"column":49},"end":{"line":8,"column":58}}],"line":8},"1":{"loc":{"start":{"line":15,"column":4},"end":{"line":16,"column":62}},"type":"if","locations":[{"start":{"line":15,"column":4},"end":{"line":16,"column":62}},{"start":{},"end":{}}],"line":15},"2":{"loc":{"start":{"line":15,"column":8},"end":{"line":15,"column":30}},"type":"binary-expr","locations":[{"start":{"line":15,"column":8},"end":{"line":15,"column":16}},{"start":{"line":15,"column":20},"end":{"line":15,"column":30}}],"line":15},"3":{"loc":{"start":{"line":20,"column":4},"end":{"line":23,"column":5}},"type":"if","locations":[{"start":{"line":20,"column":4},"end":{"line":23,"column":5}},{"start":{},"end":{}}],"line":20},"4":{"loc":{"start":{"line":21,"column":21},"end":{"line":21,"column":64}},"type":"cond-expr","locations":[{"start":{"line":21,"column":55},"end":{"line":21,"column":58}},{"start":{"line":21,"column":61},"end":{"line":21,"column":64}}],"line":21},"5":{"loc":{"start":{"line":31,"column":4},"end":{"line":31,"column":27}},"type":"if","locations":[{"start":{"line":31,"column":4},"end":{"line":31,"column":27}},{"start":{},"end":{}}],"line":31}},"s":{"0":13,"1":0,"2":13,"3":7,"4":7,"5":7,"6":2,"7":5,"8":5,"9":5,"10":5,"11":0,"12":0,"13":0,"14":0,"15":0,"16":0,"17":0,"18":0,"19":0},"f":{"0":0,"1":7},"b":{"0":[0,0,0],"1":[2,5],"2":[7,6],"3":[5,0],"4":[0,5],"5":[0,0]},"inputSourceMap":null,"_coverageSchema":"1a1c01bbd47fc00a2c39e90264f33305004495a9","hash":"3548d5817af19576bd3945705a195e3c219fd1e7"}
,"C:\\Users\\Erena\\StoryLines\\backend\\src\\routes\\avatar.js": {"path":"C:\\Users\\Erena\\StoryLines\\backend\\src\\routes\\avatar.js","statementMap":{"0":{"start":{"line":5,"column":15},"end":{"line":5,"column":23}},"1":{"start":{"line":8,"column":0},"end":{"line":54,"column":3}},"2":{"start":{"line":9,"column":2},"end":{"line":53,"column":3}},"3":{"start":{"line":10,"column":46},"end":{"line":10,"column":54}},"4":{"start":{"line":12,"column":4},"end":{"line":13,"column":61}},"5":{"start":{"line":13,"column":6},"end":{"line":13,"column":61}},"6":{"start":{"line":15,"column":31},"end":{"line":19,"column":15}},"7":{"start":{"line":21,"column":4},"end":{"line":24,"column":5}},"8":{"start":{"line":22,"column":18},"end":{"line":22,"column":68}},"9":{"start":{"line":23,"column":6},"end":{"line":23,"column":73}},"10":{"start":{"line":26,"column":22},"end":{"line":26,"column":45}},"11":{"start":{"line":27,"column":16},"end":{"line":27,"column":64}},"12":{"start":{"line":28,"column":21},"end":{"line":28,"column":53}},"13":{"start":{"line":30,"column":19},"end":{"line":30,"column":53}},"14":{"start":{"line":32,"column":35},"end":{"line":34,"column":73}},"15":{"start":{"line":36,"column":4},"end":{"line":36,"column":81}},"16":{"start":{"line":36,"column":21},"end":{"line":36,"column":81}},"17":{"start":{"line":38,"column":33},"end":{"line":40,"column":29}},"18":{"start":{"line":42,"column":22},"end":{"line":42,"column":51}},"19":{"start":{"line":44,"column":4},"end":{"line":47,"column":24}},"20":{"start":{"line":49,"column":4},"end":{"line":49,"column":57}},"21":{"start":{"line":51,"column":4},"end":{"line":51,"column":45}},"22":{"start":{"line":52,"column":4},"end":{"line":52,"column":68}},"23":{"start":{"line":57,"column":0},"end":{"line":83,"column":3}},"24":{"start":{"line":58,"column":2},"end":{"line":82,"column":3}},"25":{"start":{"line":59,"column":23},"end":{"line":59,"column":31}},"26":{"start":{"line":60,"column":4},"end":{"line":60,"column":72}},"27":{"start":{"line":60,"column":17},"end":{"line":60,"column":72}},"28":{"start":{"line":62,"column":31},"end":{"line":66,"column":15}},"29":{"start":{"line":68,"column":4},"end":{"line":71,"column":5}},"30":{"start":{"line":69,"column":18},"end":{"line":69,"column":68}},"31":{"start":{"line":70,"column":6},"end":{"line":70,"column":73}},"32":{"start":{"line":73,"column":4},"end":{"line":76,"column":24}},"33":{"start":{"line":78,"column":4},"end":{"line":78,"column":34}},"34":{"start":{"line":80,"column":4},"end":{"line":80,"column":45}},"35":{"start":{"line":81,"column":4},"end":{"line":81,"column":70}}},"fnMap":{"0":{"name":"(anonymous_0)","decl":{"start":{"line":8,"column":23},"end":{"line":8,"column":24}},"loc":{"start":{"line":8,"column":43},"end":{"line":54,"column":1}},"line":8},"1":{"name":"(anonymous_1)","decl":{"start":{"line":57,"column":23},"end":{"line":57,"column":24}},"loc":{"start":{"line":57,"column":43},"end":{"line":83,"column":1}},"line":57}},"branchMap":{"0":{"loc":{"start":{"line":12,"column":4},"end":{"line":13,"column":61}},"type":"if","locations":[{"start":{"line":12,"column":4},"end":{"line":13,"column":61}},{"start":{},"end":{}}],"line":12},"1":{"loc":{"start":{"line":12,"column":8},"end":{"line":12,"column":31}},"type":"binary-expr","locations":[{"start":{"line":12,"column":8},"end":{"line":12,"column":15}},{"start":{"line":12,"column":19},"end":{"line":12,"column":31}}],"line":12},"2":{"loc":{"start":{"line":21,"column":4},"end":{"line":24,"column":5}},"type":"if","locations":[{"start":{"line":21,"column":4},"end":{"line":24,"column":5}},{"start":{},"end":{}}],"line":21},"3":{"loc":{"start":{"line":26,"column":22},"end":{"line":26,"column":45}},"type":"binary-expr","locations":[{"start":{"line":26,"column":22},"end":{"line":26,"column":30}},{"start":{"line":26,"column":34},"end":{"line":26,"column":45}}],"line":26},"4":{"loc":{"start":{"line":27,"column":17},"end":{"line":27,"column":49}},"type":"binary-expr","locations":[{"start":{"line":27,"column":17},"end":{"line":27,"column":40}},{"start":{"line":27,"column":44},"end":{"line":27,"column":49}}],"line":27},"5":{"loc":{"start":{"line":36,"column":4},"end":{"line":36,"column":81}},"type":"if","locations":[{"start":{"line":36,"column":4},"end":{"line":36,"column":81}},{"start":{},"end":{}}],"line":36},"6":{"loc":{"start":{"line":42,"column":22},"end":{"line":42,"column":51}},"type":"binary-expr","locations":[{"start":{"line":42,"column":22},"end":{"line":42,"column":43}},{"start":{"line":42,"column":47},"end":{"line":42,"column":51}}],"line":42},"7":{"loc":{"start":{"line":60,"column":4},"end":{"line":60,"column":72}},"type":"if","locations":[{"start":{"line":60,"column":4},"end":{"line":60,"column":72}},{"start":{},"end":{}}],"line":60},"8":{"loc":{"start":{"line":68,"column":4},"end":{"line":71,"column":5}},"type":"if","locations":[{"start":{"line":68,"column":4},"end":{"line":71,"column":5}},{"start":{},"end":{}}],"line":68}},"s":{"0":13,"1":13,"2":2,"3":2,"4":2,"5":2,"6":0,"7":0,"8":0,"9":0,"10":0,"11":0,"12":0,"13":0,"14":0,"15":0,"16":0,"17":0,"18":0,"19":0,"20":0,"21":0,"22":0,"23":13,"24":0,"25":0,"26":0,"27":0,"28":0,"29":0,"30":0,"31":0,"32":0,"33":0,"34":0,"35":0},"f":{"0":2,"1":0},"b":{"0":[2,0],"1":[2,1],"2":[0,0],"3":[0,0],"4":[0,0],"5":[0,0],"6":[0,0],"7":[0,0],"8":[0,0]},"inputSourceMap":null,"_coverageSchema":"1a1c01bbd47fc00a2c39e90264f33305004495a9","hash":"d98b924f9deaa91a1c9816ed0951aa42053ca1fe"}
,"C:\\Users\\Erena\\StoryLines\\backend\\src\\routes\\balance.js": {"path":"C:\\Users\\Erena\\StoryLines\\backend\\src\\routes\\balance.js","statementMap":{"0":{"start":{"line":5,"column":15},"end":{"line":5,"column":31}},"1":{"start":{"line":10,"column":26},"end":{"line":14,"column":18}},"2":{"start":{"line":16,"column":2},"end":{"line":16,"column":24}},"3":{"start":{"line":16,"column":13},"end":{"line":16,"column":24}},"4":{"start":{"line":17,"column":2},"end":{"line":17,"column":23}},"5":{"start":{"line":17,"column":12},"end":{"line":17,"column":23}},"6":{"start":{"line":20,"column":49},"end":{"line":24,"column":13}},"7":{"start":{"line":26,"column":2},"end":{"line":26,"column":36}},"8":{"start":{"line":26,"column":19},"end":{"line":26,"column":36}},"9":{"start":{"line":27,"column":2},"end":{"line":27,"column":17}},"10":{"start":{"line":33,"column":0},"end":{"line":43,"column":2}},"11":{"start":{"line":34,"column":21},"end":{"line":34,"column":31}},"12":{"start":{"line":36,"column":2},"end":{"line":42,"column":3}},"13":{"start":{"line":37,"column":16},"end":{"line":37,"column":46}},"14":{"start":{"line":38,"column":4},"end":{"line":38,"column":55}},"15":{"start":{"line":40,"column":4},"end":{"line":40,"column":56}},"16":{"start":{"line":41,"column":4},"end":{"line":41,"column":78}},"17":{"start":{"line":49,"column":0},"end":{"line":79,"column":2}},"18":{"start":{"line":50,"column":27},"end":{"line":50,"column":35}},"19":{"start":{"line":52,"column":2},"end":{"line":52,"column":25}},"20":{"start":{"line":54,"column":2},"end":{"line":56,"column":3}},"21":{"start":{"line":55,"column":4},"end":{"line":55,"column":72}},"22":{"start":{"line":58,"column":2},"end":{"line":78,"column":3}},"23":{"start":{"line":59,"column":16},"end":{"line":59,"column":46}},"24":{"start":{"line":60,"column":23},"end":{"line":60,"column":43}},"25":{"start":{"line":62,"column":28},"end":{"line":70,"column":15}},"26":{"start":{"line":72,"column":4},"end":{"line":72,"column":26}},"27":{"start":{"line":72,"column":15},"end":{"line":72,"column":26}},"28":{"start":{"line":74,"column":4},"end":{"line":74,"column":56}},"29":{"start":{"line":76,"column":4},"end":{"line":76,"column":53}},"30":{"start":{"line":77,"column":4},"end":{"line":77,"column":79}},"31":{"start":{"line":85,"column":0},"end":{"line":122,"column":2}},"32":{"start":{"line":86,"column":27},"end":{"line":86,"column":35}},"33":{"start":{"line":88,"column":2},"end":{"line":88,"column":25}},"34":{"start":{"line":90,"column":2},"end":{"line":92,"column":3}},"35":{"start":{"line":91,"column":4},"end":{"line":91,"column":72}},"36":{"start":{"line":94,"column":2},"end":{"line":121,"column":3}},"37":{"start":{"line":95,"column":16},"end":{"line":95,"column":46}},"38":{"start":{"line":97,"column":4},"end":{"line":101,"column":5}},"39":{"start":{"line":98,"column":6},"end":{"line":100,"column":81}},"40":{"start":{"line":103,"column":23},"end":{"line":103,"column":43}},"41":{"start":{"line":105,"column":28},"end":{"line":113,"column":15}},"42":{"start":{"line":115,"column":4},"end":{"line":115,"column":26}},"43":{"start":{"line":115,"column":15},"end":{"line":115,"column":26}},"44":{"start":{"line":117,"column":4},"end":{"line":117,"column":56}},"45":{"start":{"line":119,"column":4},"end":{"line":119,"column":56}},"46":{"start":{"line":120,"column":4},"end":{"line":120,"column":79}}},"fnMap":{"0":{"name":"ensureBalanceRow","decl":{"start":{"line":8,"column":15},"end":{"line":8,"column":31}},"loc":{"start":{"line":8,"column":40},"end":{"line":28,"column":1}},"line":8},"1":{"name":"(anonymous_1)","decl":{"start":{"line":33,"column":23},"end":{"line":33,"column":24}},"loc":{"start":{"line":33,"column":43},"end":{"line":43,"column":1}},"line":33},"2":{"name":"(anonymous_2)","decl":{"start":{"line":49,"column":20},"end":{"line":49,"column":21}},"loc":{"start":{"line":49,"column":40},"end":{"line":79,"column":1}},"line":49},"3":{"name":"(anonymous_3)","decl":{"start":{"line":85,"column":23},"end":{"line":85,"column":24}},"loc":{"start":{"line":85,"column":43},"end":{"line":122,"column":1}},"line":85}},"branchMap":{"0":{"loc":{"start":{"line":16,"column":2},"end":{"line":16,"column":24}},"type":"if","locations":[{"start":{"line":16,"column":2},"end":{"line":16,"column":24}},{"start":{},"end":{}}],"line":16},"1":{"loc":{"start":{"line":17,"column":2},"end":{"line":17,"column":23}},"type":"if","locations":[{"start":{"line":17,"column":2},"end":{"line":17,"column":23}},{"start":{},"end":{}}],"line":17},"2":{"loc":{"start":{"line":26,"column":2},"end":{"line":26,"column":36}},"type":"if","locations":[{"start":{"line":26,"column":2},"end":{"line":26,"column":36}},{"start":{},"end":{}}],"line":26},"3":{"loc":{"start":{"line":54,"column":2},"end":{"line":56,"column":3}},"type":"if","locations":[{"start":{"line":54,"column":2},"end":{"line":56,"column":3}},{"start":{},"end":{}}],"line":54},"4":{"loc":{"start":{"line":54,"column":6},"end":{"line":54,"column":56}},"type":"binary-expr","locations":[{"start":{"line":54,"column":6},"end":{"line":54,"column":13}},{"start":{"line":54,"column":17},"end":{"line":54,"column":41}},{"start":{"line":54,"column":45},"end":{"line":54,"column":56}}],"line":54},"5":{"loc":{"start":{"line":72,"column":4},"end":{"line":72,"column":26}},"type":"if","locations":[{"start":{"line":72,"column":4},"end":{"line":72,"column":26}},{"start":{},"end":{}}],"line":72},"6":{"loc":{"start":{"line":90,"column":2},"end":{"line":92,"column":3}},"type":"if","locations":[{"start":{"line":90,"column":2},"end":{"line":92,"column":3}},{"start":{},"end":{}}],"line":90},"7":{"loc":{"start":{"line":90,"column":6},"end":{"line":90,"column":56}},"type":"binary-expr","locations":[{"start":{"line":90,"column":6},"end":{"line":90,"column":13}},{"start":{"line":90,"column":17},"end":{"line":90,"column":41}},{"start":{"line":90,"column":45},"end":{"line":90,"column":56}}],"line":90},"8":{"loc":{"start":{"line":97,"column":4},"end":{"line":101,"column":5}},"type":"if","locations":[{"start":{"line":97,"column":4},"end":{"line":101,"column":5}},{"start":{},"end":{}}],"line":97},"9":{"loc":{"start":{"line":115,"column":4},"end":{"line":115,"column":26}},"type":"if","locations":[{"start":{"line":115,"column":4},"end":{"line":115,"column":26}},{"start":{},"end":{}}],"line":115}},"s":{"0":13,"1":4,"2":4,"3":0,"4":4,"5":3,"6":1,"7":0,"8":0,"9":0,"10":13,"11":1,"12":1,"13":1,"14":0,"15":1,"16":1,"17":13,"18":2,"19":2,"20":2,"21":1,"22":1,"23":1,"24":1,"25":1,"26":0,"27":0,"28":0,"29":1,"30":1,"31":13,"32":2,"33":2,"34":2,"35":0,"36":2,"37":2,"38":2,"39":1,"40":1,"41":1,"42":0,"43":0,"44":0,"45":1,"46":1},"f":{"0":4,"1":1,"2":2,"3":2},"b":{"0":[0,4],"1":[3,1],"2":[0,0],"3":[1,1],"4":[2,2,2],"5":[0,0],"6":[0,2],"7":[2,2,2],"8":[1,1],"9":[0,0]},"inputSourceMap":null,"_coverageSchema":"1a1c01bbd47fc00a2c39e90264f33305004495a9","hash":"3115dcc2f3cd7bb4fd3836039c4b62146a6a7e79"}
,"C:\\Users\\Erena\\StoryLines\\backend\\src\\routes\\deleteFriend.js": {"path":"C:\\Users\\Erena\\StoryLines\\backend\\src\\routes\\deleteFriend.js","statementMap":{"0":{"start":{"line":4,"column":15},"end":{"line":4,"column":23}},"1":{"start":{"line":6,"column":0},"end":{"line":32,"column":3}},"2":{"start":{"line":7,"column":2},"end":{"line":31,"column":3}},"3":{"start":{"line":8,"column":35},"end":{"line":8,"column":43}},"4":{"start":{"line":10,"column":4},"end":{"line":11,"column":62}},"5":{"start":{"line":11,"column":6},"end":{"line":11,"column":62}},"6":{"start":{"line":13,"column":34},"end":{"line":18,"column":7}},"7":{"start":{"line":20,"column":4},"end":{"line":20,"column":80}},"8":{"start":{"line":20,"column":50},"end":{"line":20,"column":80}},"9":{"start":{"line":22,"column":16},"end":{"line":22,"column":44}},"10":{"start":{"line":22,"column":39},"end":{"line":22,"column":43}},"11":{"start":{"line":24,"column":4},"end":{"line":24,"column":80}},"12":{"start":{"line":25,"column":4},"end":{"line":25,"column":63}},"13":{"start":{"line":27,"column":4},"end":{"line":27,"column":34}},"14":{"start":{"line":29,"column":4},"end":{"line":29,"column":46}},"15":{"start":{"line":30,"column":4},"end":{"line":30,"column":54}}},"fnMap":{"0":{"name":"(anonymous_0)","decl":{"start":{"line":6,"column":17},"end":{"line":6,"column":18}},"loc":{"start":{"line":6,"column":37},"end":{"line":32,"column":1}},"line":6},"1":{"name":"(anonymous_1)","decl":{"start":{"line":22,"column":32},"end":{"line":22,"column":33}},"loc":{"start":{"line":22,"column":39},"end":{"line":22,"column":43}},"line":22}},"branchMap":{"0":{"loc":{"start":{"line":10,"column":4},"end":{"line":11,"column":62}},"type":"if","locations":[{"start":{"line":10,"column":4},"end":{"line":11,"column":62}},{"start":{},"end":{}}],"line":10},"1":{"loc":{"start":{"line":10,"column":8},"end":{"line":10,"column":30}},"type":"binary-expr","locations":[{"start":{"line":10,"column":8},"end":{"line":10,"column":16}},{"start":{"line":10,"column":20},"end":{"line":10,"column":30}}],"line":10},"2":{"loc":{"start":{"line":20,"column":4},"end":{"line":20,"column":80}},"type":"if","locations":[{"start":{"line":20,"column":4},"end":{"line":20,"column":80}},{"start":{},"end":{}}],"line":20},"3":{"loc":{"start":{"line":20,"column":8},"end":{"line":20,"column":48}},"type":"binary-expr","locations":[{"start":{"line":20,"column":8},"end":{"line":20,"column":20}},{"start":{"line":20,"column":24},"end":{"line":20,"column":48}}],"line":20}},"s":{"0":13,"1":13,"2":5,"3":5,"4":5,"5":2,"6":3,"7":3,"8":3,"9":0,"10":0,"11":0,"12":0,"13":0,"14":0,"15":0},"f":{"0":5,"1":0},"b":{"0":[2,3],"1":[5,4],"2":[3,0],"3":[3,3]},"inputSourceMap":null,"_coverageSchema":"1a1c01bbd47fc00a2c39e90264f33305004495a9","hash":"4aaa65d094f9c2bfb647574faf59b546ae4f0aa0"}
,"C:\\Users\\Erena\\StoryLines\\backend\\src\\routes\\friendRequest.js": {"path":"C:\\Users\\Erena\\StoryLines\\backend\\src\\routes\\friendRequest.js","statementMap":{"0":{"start":{"line":4,"column":15},"end":{"line":4,"column":23}},"1":{"start":{"line":7,"column":2},"end":{"line":7,"column":59}},"2":{"start":{"line":10,"column":0},"end":{"line":86,"column":3}},"3":{"start":{"line":11,"column":2},"end":{"line":85,"column":3}},"4":{"start":{"line":12,"column":53},"end":{"line":12,"column":61}},"5":{"start":{"line":14,"column":4},"end":{"line":15,"column":62}},"6":{"start":{"line":15,"column":6},"end":{"line":15,"column":62}},"7":{"start":{"line":17,"column":46},"end":{"line":21,"column":15}},"8":{"start":{"line":23,"column":4},"end":{"line":23,"column":25}},"9":{"start":{"line":23,"column":14},"end":{"line":23,"column":25}},"10":{"start":{"line":25,"column":4},"end":{"line":25,"column":85}},"11":{"start":{"line":25,"column":21},"end":{"line":25,"column":85}},"12":{"start":{"line":27,"column":4},"end":{"line":28,"column":79}},"13":{"start":{"line":28,"column":6},"end":{"line":28,"column":79}},"14":{"start":{"line":30,"column":57},"end":{"line":30,"column":67}},"15":{"start":{"line":32,"column":4},"end":{"line":33,"column":62}},"16":{"start":{"line":33,"column":6},"end":{"line":33,"column":62}},"17":{"start":{"line":36,"column":4},"end":{"line":71,"column":5}},"18":{"start":{"line":37,"column":6},"end":{"line":37,"column":97}},"19":{"start":{"line":39,"column":30},"end":{"line":42,"column":41}},"20":{"start":{"line":44,"column":17},"end":{"line":44,"column":53}},"21":{"start":{"line":44,"column":35},"end":{"line":44,"column":52}},"22":{"start":{"line":45,"column":17},"end":{"line":45,"column":55}},"23":{"start":{"line":45,"column":35},"end":{"line":45,"column":54}},"24":{"start":{"line":47,"column":18},"end":{"line":49,"column":22}},"25":{"start":{"line":51,"column":6},"end":{"line":51,"column":92}},"26":{"start":{"line":53,"column":6},"end":{"line":68,"column":9}},"27":{"start":{"line":70,"column":6},"end":{"line":70,"column":56}},"28":{"start":{"line":74,"column":4},"end":{"line":79,"column":5}},"29":{"start":{"line":75,"column":6},"end":{"line":75,"column":92}},"30":{"start":{"line":76,"column":6},"end":{"line":76,"column":75}},"31":{"start":{"line":78,"column":6},"end":{"line":78,"column":56}},"32":{"start":{"line":81,"column":4},"end":{"line":81,"column":65}},"33":{"start":{"line":83,"column":4},"end":{"line":83,"column":44}},"34":{"start":{"line":84,"column":4},"end":{"line":84,"column":54}}},"fnMap":{"0":{"name":"buildDisplayName","decl":{"start":{"line":6,"column":9},"end":{"line":6,"column":25}},"loc":{"start":{"line":6,"column":32},"end":{"line":8,"column":1}},"line":6},"1":{"name":"(anonymous_1)","decl":{"start":{"line":10,"column":24},"end":{"line":10,"column":25}},"loc":{"start":{"line":10,"column":44},"end":{"line":86,"column":1}},"line":10},"2":{"name":"(anonymous_2)","decl":{"start":{"line":44,"column":28},"end":{"line":44,"column":29}},"loc":{"start":{"line":44,"column":35},"end":{"line":44,"column":52}},"line":44},"3":{"name":"(anonymous_3)","decl":{"start":{"line":45,"column":28},"end":{"line":45,"column":29}},"loc":{"start":{"line":45,"column":35},"end":{"line":45,"column":54}},"line":45}},"branchMap":{"0":{"loc":{"start":{"line":7,"column":9},"end":{"line":7,"column":58}},"type":"binary-expr","locations":[{"start":{"line":7,"column":9},"end":{"line":7,"column":27}},{"start":{"line":7,"column":31},"end":{"line":7,"column":45}},{"start":{"line":7,"column":49},"end":{"line":7,"column":58}}],"line":7},"1":{"loc":{"start":{"line":14,"column":4},"end":{"line":15,"column":62}},"type":"if","locations":[{"start":{"line":14,"column":4},"end":{"line":15,"column":62}},{"start":{},"end":{}}],"line":14},"2":{"loc":{"start":{"line":14,"column":8},"end":{"line":14,"column":51}},"type":"binary-expr","locations":[{"start":{"line":14,"column":8},"end":{"line":14,"column":22}},{"start":{"line":14,"column":26},"end":{"line":14,"column":33}},{"start":{"line":14,"column":37},"end":{"line":14,"column":51}}],"line":14},"3":{"loc":{"start":{"line":23,"column":4},"end":{"line":23,"column":25}},"type":"if","locations":[{"start":{"line":23,"column":4},"end":{"line":23,"column":25}},{"start":{},"end":{}}],"line":23},"4":{"loc":{"start":{"line":25,"column":4},"end":{"line":25,"column":85}},"type":"if","locations":[{"start":{"line":25,"column":4},"end":{"line":25,"column":85}},{"start":{},"end":{}}],"line":25},"5":{"loc":{"start":{"line":27,"column":4},"end":{"line":28,"column":79}},"type":"if","locations":[{"start":{"line":27,"column":4},"end":{"line":28,"column":79}},{"start":{},"end":{}}],"line":27},"6":{"loc":{"start":{"line":32,"column":4},"end":{"line":33,"column":62}},"type":"if","locations":[{"start":{"line":32,"column":4},"end":{"line":33,"column":62}},{"start":{},"end":{}}],"line":32},"7":{"loc":{"start":{"line":32,"column":8},"end":{"line":32,"column":66}},"type":"binary-expr","locations":[{"start":{"line":32,"column":8},"end":{"line":32,"column":34}},{"start":{"line":32,"column":38},"end":{"line":32,"column":66}}],"line":32},"8":{"loc":{"start":{"line":36,"column":4},"end":{"line":71,"column":5}},"type":"if","locations":[{"start":{"line":36,"column":4},"end":{"line":71,"column":5}},{"start":{},"end":{}}],"line":36},"9":{"loc":{"start":{"line":74,"column":4},"end":{"line":79,"column":5}},"type":"if","locations":[{"start":{"line":74,"column":4},"end":{"line":79,"column":5}},{"start":{},"end":{}}],"line":74}},"s":{"0":13,"1":0,"2":13,"3":4,"4":4,"5":4,"6":3,"7":1,"8":1,"9":0,"10":1,"11":1,"12":0,"13":0,"14":0,"15":0,"16":0,"17":0,"18":0,"19":0,"20":0,"21":0,"22":0,"23":0,"24":0,"25":0,"26":0,"27":0,"28":0,"29":0,"30":0,"31":0,"32":0,"33":0,"34":0},"f":{"0":0,"1":4,"2":0,"3":0},"b":{"0":[0,0,0],"1":[3,1],"2":[4,2,1],"3":[0,1],"4":[1,0],"5":[0,0],"6":[0,0],"7":[0,0],"8":[0,0],"9":[0,0]},"inputSourceMap":null,"_coverageSchema":"1a1c01bbd47fc00a2c39e90264f33305004495a9","hash":"b4fb4811f3a8c518d2fea0ad5acfda864d3fd6c3"}
,"C:\\Users\\Erena\\StoryLines\\backend\\src\\routes\\friends.js": {"path":"C:\\Users\\Erena\\StoryLines\\backend\\src\\routes\\friends.js","statementMap":{"0":{"start":{"line":4,"column":15},"end":{"line":4,"column":23}},"1":{"start":{"line":6,"column":0},"end":{"line":52,"column":3}},"2":{"start":{"line":7,"column":2},"end":{"line":51,"column":3}},"3":{"start":{"line":8,"column":19},"end":{"line":8,"column":35}},"4":{"start":{"line":9,"column":27},"end":{"line":9,"column":62}},"5":{"start":{"line":11,"column":4},"end":{"line":11,"column":72}},"6":{"start":{"line":11,"column":17},"end":{"line":11,"column":72}},"7":{"start":{"line":13,"column":16},"end":{"line":23,"column":56}},"8":{"start":{"line":25,"column":4},"end":{"line":27,"column":5}},"9":{"start":{"line":26,"column":6},"end":{"line":26,"column":45}},"10":{"start":{"line":29,"column":28},"end":{"line":29,"column":39}},"11":{"start":{"line":30,"column":4},"end":{"line":30,"column":69}},"12":{"start":{"line":30,"column":15},"end":{"line":30,"column":69}},"13":{"start":{"line":32,"column":22},"end":{"line":45,"column":6}},"14":{"start":{"line":33,"column":23},"end":{"line":33,"column":45}},"15":{"start":{"line":34,"column":25},"end":{"line":34,"column":57}},"16":{"start":{"line":36,"column":6},"end":{"line":44,"column":8}},"17":{"start":{"line":47,"column":4},"end":{"line":47,"column":54}},"18":{"start":{"line":49,"column":4},"end":{"line":49,"column":44}},"19":{"start":{"line":50,"column":4},"end":{"line":50,"column":71}}},"fnMap":{"0":{"name":"(anonymous_0)","decl":{"start":{"line":6,"column":16},"end":{"line":6,"column":17}},"loc":{"start":{"line":6,"column":36},"end":{"line":52,"column":1}},"line":6},"1":{"name":"(anonymous_1)","decl":{"start":{"line":32,"column":31},"end":{"line":32,"column":32}},"loc":{"start":{"line":32,"column":40},"end":{"line":45,"column":5}},"line":32}},"branchMap":{"0":{"loc":{"start":{"line":11,"column":4},"end":{"line":11,"column":72}},"type":"if","locations":[{"start":{"line":11,"column":4},"end":{"line":11,"column":72}},{"start":{},"end":{}}],"line":11},"1":{"loc":{"start":{"line":25,"column":4},"end":{"line":27,"column":5}},"type":"if","locations":[{"start":{"line":25,"column":4},"end":{"line":27,"column":5}},{"start":{},"end":{}}],"line":25},"2":{"loc":{"start":{"line":30,"column":4},"end":{"line":30,"column":69}},"type":"if","locations":[{"start":{"line":30,"column":4},"end":{"line":30,"column":69}},{"start":{},"end":{}}],"line":30},"3":{"loc":{"start":{"line":34,"column":25},"end":{"line":34,"column":57}},"type":"cond-expr","locations":[{"start":{"line":34,"column":36},"end":{"line":34,"column":46}},{"start":{"line":34,"column":49},"end":{"line":34,"column":57}}],"line":34}},"s":{"0":13,"1":13,"2":2,"3":2,"4":2,"5":2,"6":1,"7":1,"8":1,"9":0,"10":1,"11":1,"12":0,"13":1,"14":0,"15":0,"16":0,"17":1,"18":0,"19":0},"f":{"0":2,"1":0},"b":{"0":[1,1],"1":[0,1],"2":[0,1],"3":[0,0]},"inputSourceMap":null,"_coverageSchema":"1a1c01bbd47fc00a2c39e90264f33305004495a9","hash":"f47626e820fe4bb1814fab1fdfaa1b2e26b42674"}
,"C:\\Users\\Erena\\StoryLines\\backend\\src\\routes\\health.js": {"path":"C:\\Users\\Erena\\StoryLines\\backend\\src\\routes\\health.js","statementMap":{"0":{"start":{"line":3,"column":15},"end":{"line":3,"column":23}},"1":{"start":{"line":5,"column":0},"end":{"line":11,"column":3}},"2":{"start":{"line":6,"column":2},"end":{"line":10,"column":5}}},"fnMap":{"0":{"name":"(anonymous_0)","decl":{"start":{"line":5,"column":16},"end":{"line":5,"column":17}},"loc":{"start":{"line":5,"column":30},"end":{"line":11,"column":1}},"line":5}},"branchMap":{"0":{"loc":{"start":{"line":8,"column":9},"end":{"line":8,"column":38}},"type":"binary-expr","locations":[{"start":{"line":8,"column":9},"end":{"line":8,"column":29}},{"start":{"line":8,"column":33},"end":{"line":8,"column":38}}],"line":8}},"s":{"0":13,"1":13,"2":3},"f":{"0":3},"b":{"0":[3,0]},"inputSourceMap":null,"_coverageSchema":"1a1c01bbd47fc00a2c39e90264f33305004495a9","hash":"5cf077c965983b4d45f0d30ee141890a437edac9"}
,"C:\\Users\\Erena\\StoryLines\\backend\\src\\routes\\notifications.js": {"path":"C:\\Users\\Erena\\StoryLines\\backend\\src\\routes\\notifications.js","statementMap":{"0":{"start":{"line":4,"column":15},"end":{"line":4,"column":23}},"1":{"start":{"line":6,"column":0},"end":{"line":37,"column":3}},"2":{"start":{"line":7,"column":2},"end":{"line":36,"column":3}},"3":{"start":{"line":8,"column":23},"end":{"line":8,"column":32}},"4":{"start":{"line":9,"column":4},"end":{"line":9,"column":72}},"5":{"start":{"line":9,"column":17},"end":{"line":9,"column":72}},"6":{"start":{"line":11,"column":28},"end":{"line":28,"column":48}},"7":{"start":{"line":30,"column":4},"end":{"line":30,"column":27}},"8":{"start":{"line":30,"column":15},"end":{"line":30,"column":27}},"9":{"start":{"line":32,"column":4},"end":{"line":32,"column":55}},"10":{"start":{"line":34,"column":4},"end":{"line":34,"column":43}},"11":{"start":{"line":35,"column":4},"end":{"line":35,"column":54}}},"fnMap":{"0":{"name":"(anonymous_0)","decl":{"start":{"line":6,"column":16},"end":{"line":6,"column":17}},"loc":{"start":{"line":6,"column":36},"end":{"line":37,"column":1}},"line":6}},"branchMap":{"0":{"loc":{"start":{"line":9,"column":4},"end":{"line":9,"column":72}},"type":"if","locations":[{"start":{"line":9,"column":4},"end":{"line":9,"column":72}},{"start":{},"end":{}}],"line":9},"1":{"loc":{"start":{"line":30,"column":4},"end":{"line":30,"column":27}},"type":"if","locations":[{"start":{"line":30,"column":4},"end":{"line":30,"column":27}},{"start":{},"end":{}}],"line":30}},"s":{"0":13,"1":13,"2":2,"3":2,"4":2,"5":1,"6":1,"7":1,"8":0,"9":1,"10":0,"11":0},"f":{"0":2},"b":{"0":[1,1],"1":[0,1]},"inputSourceMap":null,"_coverageSchema":"1a1c01bbd47fc00a2c39e90264f33305004495a9","hash":"2316886d6472cbc87dd8fd5b1d3745c2fcf9a234"}
,"C:\\Users\\Erena\\StoryLines\\backend\\src\\routes\\profile.js": {"path":"C:\\Users\\Erena\\StoryLines\\backend\\src\\routes\\profile.js","statementMap":{"0":{"start":{"line":4,"column":15},"end":{"line":4,"column":23}},"1":{"start":{"line":9,"column":17},"end":{"line":10,"column":82}},"2":{"start":{"line":10,"column":2},"end":{"line":10,"column":82}},"3":{"start":{"line":15,"column":0},"end":{"line":128,"column":3}},"4":{"start":{"line":16,"column":2},"end":{"line":127,"column":3}},"5":{"start":{"line":17,"column":69},"end":{"line":17,"column":83}},"6":{"start":{"line":18,"column":13},"end":{"line":18,"column":19}},"7":{"start":{"line":23,"column":4},"end":{"line":44,"column":5}},"8":{"start":{"line":24,"column":6},"end":{"line":25,"column":78}},"9":{"start":{"line":25,"column":8},"end":{"line":25,"column":78}},"10":{"start":{"line":27,"column":30},"end":{"line":30,"column":8}},"11":{"start":{"line":32,"column":6},"end":{"line":32,"column":71}},"12":{"start":{"line":32,"column":17},"end":{"line":32,"column":71}},"13":{"start":{"line":34,"column":19},"end":{"line":36,"column":7}},"14":{"start":{"line":35,"column":15},"end":{"line":35,"column":68}},"15":{"start":{"line":38,"column":6},"end":{"line":41,"column":70}},"16":{"start":{"line":39,"column":8},"end":{"line":41,"column":70}},"17":{"start":{"line":43,"column":6},"end":{"line":43,"column":19}},"18":{"start":{"line":49,"column":4},"end":{"line":50,"column":76}},"19":{"start":{"line":50,"column":6},"end":{"line":50,"column":76}},"20":{"start":{"line":52,"column":4},"end":{"line":53,"column":73}},"21":{"start":{"line":53,"column":6},"end":{"line":53,"column":73}},"22":{"start":{"line":55,"column":4},"end":{"line":56,"column":70}},"23":{"start":{"line":56,"column":6},"end":{"line":56,"column":70}},"24":{"start":{"line":59,"column":4},"end":{"line":59,"column":65}},"25":{"start":{"line":59,"column":38},"end":{"line":59,"column":65}},"26":{"start":{"line":60,"column":4},"end":{"line":60,"column":77}},"27":{"start":{"line":60,"column":42},"end":{"line":60,"column":77}},"28":{"start":{"line":61,"column":4},"end":{"line":61,"column":50}},"29":{"start":{"line":61,"column":33},"end":{"line":61,"column":50}},"30":{"start":{"line":62,"column":4},"end":{"line":62,"column":63}},"31":{"start":{"line":62,"column":35},"end":{"line":62,"column":63}},"32":{"start":{"line":63,"column":4},"end":{"line":63,"column":71}},"33":{"start":{"line":63,"column":40},"end":{"line":63,"column":71}},"34":{"start":{"line":68,"column":4},"end":{"line":71,"column":84}},"35":{"start":{"line":69,"column":6},"end":{"line":71,"column":84}},"36":{"start":{"line":73,"column":4},"end":{"line":74,"column":83}},"37":{"start":{"line":74,"column":6},"end":{"line":74,"column":83}},"38":{"start":{"line":76,"column":4},"end":{"line":79,"column":77}},"39":{"start":{"line":77,"column":6},"end":{"line":79,"column":77}},"40":{"start":{"line":84,"column":31},"end":{"line":89,"column":15}},"41":{"start":{"line":91,"column":4},"end":{"line":92,"column":85}},"42":{"start":{"line":92,"column":6},"end":{"line":92,"column":85}},"43":{"start":{"line":97,"column":20},"end":{"line":101,"column":5}},"44":{"start":{"line":103,"column":4},"end":{"line":103,"column":58}},"45":{"start":{"line":103,"column":22},"end":{"line":103,"column":58}},"46":{"start":{"line":104,"column":4},"end":{"line":104,"column":31}},"47":{"start":{"line":104,"column":13},"end":{"line":104,"column":31}},"48":{"start":{"line":105,"column":4},"end":{"line":105,"column":52}},"49":{"start":{"line":105,"column":20},"end":{"line":105,"column":52}},"50":{"start":{"line":110,"column":38},"end":{"line":113,"column":60}},"51":{"start":{"line":115,"column":4},"end":{"line":115,"column":69}},"52":{"start":{"line":115,"column":15},"end":{"line":115,"column":69}},"53":{"start":{"line":117,"column":4},"end":{"line":121,"column":7}},"54":{"start":{"line":123,"column":4},"end":{"line":123,"column":47}},"55":{"start":{"line":124,"column":4},"end":{"line":126,"column":61}},"56":{"start":{"line":133,"column":0},"end":{"line":152,"column":3}},"57":{"start":{"line":134,"column":2},"end":{"line":151,"column":3}},"58":{"start":{"line":135,"column":19},"end":{"line":135,"column":35}},"59":{"start":{"line":136,"column":4},"end":{"line":136,"column":83}},"60":{"start":{"line":136,"column":17},"end":{"line":136,"column":83}},"61":{"start":{"line":138,"column":28},"end":{"line":142,"column":15}},"62":{"start":{"line":144,"column":4},"end":{"line":145,"column":71}},"63":{"start":{"line":145,"column":6},"end":{"line":145,"column":71}},"64":{"start":{"line":147,"column":4},"end":{"line":147,"column":49}},"65":{"start":{"line":149,"column":4},"end":{"line":149,"column":45}},"66":{"start":{"line":150,"column":4},"end":{"line":150,"column":71}}},"fnMap":{"0":{"name":"(anonymous_0)","decl":{"start":{"line":9,"column":17},"end":{"line":9,"column":18}},"loc":{"start":{"line":10,"column":2},"end":{"line":10,"column":82}},"line":10},"1":{"name":"(anonymous_1)","decl":{"start":{"line":15,"column":17},"end":{"line":15,"column":18}},"loc":{"start":{"line":15,"column":37},"end":{"line":128,"column":1}},"line":15},"2":{"name":"(anonymous_2)","decl":{"start":{"line":35,"column":8},"end":{"line":35,"column":9}},"loc":{"start":{"line":35,"column":15},"end":{"line":35,"column":68}},"line":35},"3":{"name":"(anonymous_3)","decl":{"start":{"line":133,"column":20},"end":{"line":133,"column":21}},"loc":{"start":{"line":133,"column":40},"end":{"line":152,"column":1}},"line":133}},"branchMap":{"0":{"loc":{"start":{"line":9,"column":18},"end":{"line":9,"column":24}},"type":"default-arg","locations":[{"start":{"line":9,"column":22},"end":{"line":9,"column":24}}],"line":9},"1":{"loc":{"start":{"line":17,"column":69},"end":{"line":17,"column":83}},"type":"binary-expr","locations":[{"start":{"line":17,"column":69},"end":{"line":17,"column":77}},{"start":{"line":17,"column":81},"end":{"line":17,"column":83}}],"line":17},"2":{"loc":{"start":{"line":23,"column":4},"end":{"line":44,"column":5}},"type":"if","locations":[{"start":{"line":23,"column":4},"end":{"line":44,"column":5}},{"start":{},"end":{}}],"line":23},"3":{"loc":{"start":{"line":24,"column":6},"end":{"line":25,"column":78}},"type":"if","locations":[{"start":{"line":24,"column":6},"end":{"line":25,"column":78}},{"start":{},"end":{}}],"line":24},"4":{"loc":{"start":{"line":24,"column":10},"end":{"line":24,"column":45}},"type":"binary-expr","locations":[{"start":{"line":24,"column":10},"end":{"line":24,"column":16}},{"start":{"line":24,"column":20},"end":{"line":24,"column":45}}],"line":24},"5":{"loc":{"start":{"line":32,"column":6},"end":{"line":32,"column":71}},"type":"if","locations":[{"start":{"line":32,"column":6},"end":{"line":32,"column":71}},{"start":{},"end":{}}],"line":32},"6":{"loc":{"start":{"line":35,"column":16},"end":{"line":35,"column":29}},"type":"binary-expr","locations":[{"start":{"line":35,"column":16},"end":{"line":35,"column":23}},{"start":{"line":35,"column":27},"end":{"line":35,"column":29}}],"line":35},"7":{"loc":{"start":{"line":38,"column":6},"end":{"line":41,"column":70}},"type":"if","locations":[{"start":{"line":38,"column":6},"end":{"line":41,"column":70}},{"start":{},"end":{}}],"line":38},"8":{"loc":{"start":{"line":49,"column":4},"end":{"line":50,"column":76}},"type":"if","locations":[{"start":{"line":49,"column":4},"end":{"line":50,"column":76}},{"start":{},"end":{}}],"line":49},"9":{"loc":{"start":{"line":52,"column":4},"end":{"line":53,"column":73}},"type":"if","locations":[{"start":{"line":52,"column":4},"end":{"line":53,"column":73}},{"start":{},"end":{}}],"line":52},"10":{"loc":{"start":{"line":52,"column":8},"end":{"line":52,"column":62}},"type":"binary-expr","locations":[{"start":{"line":52,"column":8},"end":{"line":52,"column":30}},{"start":{"line":52,"column":34},"end":{"line":52,"column":62}}],"line":52},"11":{"loc":{"start":{"line":55,"column":4},"end":{"line":56,"column":70}},"type":"if","locations":[{"start":{"line":55,"column":4},"end":{"line":56,"column":70}},{"start":{},"end":{}}],"line":55},"12":{"loc":{"start":{"line":55,"column":8},"end":{"line":55,"column":56}},"type":"binary-expr","locations":[{"start":{"line":55,"column":8},"end":{"line":55,"column":27}},{"start":{"line":55,"column":31},"end":{"line":55,"column":56}}],"line":55},"13":{"loc":{"start":{"line":59,"column":4},"end":{"line":59,"column":65}},"type":"if","locations":[{"start":{"line":59,"column":4},"end":{"line":59,"column":65}},{"start":{},"end":{}}],"line":59},"14":{"loc":{"start":{"line":60,"column":4},"end":{"line":60,"column":77}},"type":"if","locations":[{"start":{"line":60,"column":4},"end":{"line":60,"column":77}},{"start":{},"end":{}}],"line":60},"15":{"loc":{"start":{"line":61,"column":4},"end":{"line":61,"column":50}},"type":"if","locations":[{"start":{"line":61,"column":4},"end":{"line":61,"column":50}},{"start":{},"end":{}}],"line":61},"16":{"loc":{"start":{"line":62,"column":4},"end":{"line":62,"column":63}},"type":"if","locations":[{"start":{"line":62,"column":4},"end":{"line":62,"column":63}},{"start":{},"end":{}}],"line":62},"17":{"loc":{"start":{"line":63,"column":4},"end":{"line":63,"column":71}},"type":"if","locations":[{"start":{"line":63,"column":4},"end":{"line":63,"column":71}},{"start":{},"end":{}}],"line":63},"18":{"loc":{"start":{"line":68,"column":4},"end":{"line":71,"column":84}},"type":"if","locations":[{"start":{"line":68,"column":4},"end":{"line":71,"column":84}},{"start":{},"end":{}}],"line":68},"19":{"loc":{"start":{"line":68,"column":8},"end":{"line":68,"column":64}},"type":"binary-expr","locations":[{"start":{"line":68,"column":8},"end":{"line":68,"column":17}},{"start":{"line":68,"column":21},"end":{"line":68,"column":40}},{"start":{"line":68,"column":44},"end":{"line":68,"column":64}}],"line":68},"20":{"loc":{"start":{"line":73,"column":4},"end":{"line":74,"column":83}},"type":"if","locations":[{"start":{"line":73,"column":4},"end":{"line":74,"column":83}},{"start":{},"end":{}}],"line":73},"21":{"loc":{"start":{"line":73,"column":8},"end":{"line":73,"column":48}},"type":"binary-expr","locations":[{"start":{"line":73,"column":8},"end":{"line":73,"column":20}},{"start":{"line":73,"column":24},"end":{"line":73,"column":48}}],"line":73},"22":{"loc":{"start":{"line":76,"column":4},"end":{"line":79,"column":77}},"type":"if","locations":[{"start":{"line":76,"column":4},"end":{"line":79,"column":77}},{"start":{},"end":{}}],"line":76},"23":{"loc":{"start":{"line":76,"column":8},"end":{"line":76,"column":31}},"type":"binary-expr","locations":[{"start":{"line":76,"column":8},"end":{"line":76,"column":11}},{"start":{"line":76,"column":15},"end":{"line":76,"column":31}}],"line":76},"24":{"loc":{"start":{"line":91,"column":4},"end":{"line":92,"column":85}},"type":"if","locations":[{"start":{"line":91,"column":4},"end":{"line":92,"column":85}},{"start":{},"end":{}}],"line":91},"25":{"loc":{"start":{"line":103,"column":4},"end":{"line":103,"column":58}},"type":"if","locations":[{"start":{"line":103,"column":4},"end":{"line":103,"column":58}},{"start":{},"end":{}}],"line":103},"26":{"loc":{"start":{"line":104,"column":4},"end":{"line":104,"column":31}},"type":"if","locations":[{"start":{"line":104,"column":4},"end":{"line":104,"column":31}},{"start":{},"end":{}}],"line":104},"27":{"loc":{"start":{"line":105,"column":4},"end":{"line":105,"column":52}},"type":"if","locations":[{"start":{"line":105,"column":4},"end":{"line":105,"column":52}},{"start":{},"end":{}}],"line":105},"28":{"loc":{"start":{"line":115,"column":4},"end":{"line":115,"column":69}},"type":"if","locations":[{"start":{"line":115,"column":4},"end":{"line":115,"column":69}},{"start":{},"end":{}}],"line":115},"29":{"loc":{"start":{"line":136,"column":4},"end":{"line":136,"column":83}},"type":"if","locations":[{"start":{"line":136,"column":4},"end":{"line":136,"column":83}},{"start":{},"end":{}}],"line":136},"30":{"loc":{"start":{"line":144,"column":4},"end":{"line":145,"column":71}},"type":"if","locations":[{"start":{"line":144,"column":4},"end":{"line":145,"column":71}},{"start":{},"end":{}}],"line":144}},"s":{"0":13,"1":13,"2":12,"3":13,"4":15,"5":15,"6":15,"7":15,"8":3,"9":2,"10":1,"11":1,"12":0,"13":1,"14":0,"15":1,"16":1,"17":0,"18":12,"19":1,"20":11,"21":1,"22":10,"23":0,"24":10,"25":9,"26":10,"27":2,"28":10,"29":1,"30":10,"31":0,"32":10,"33":0,"34":10,"35":3,"36":7,"37":1,"38":6,"39":1,"40":5,"41":5,"42":0,"43":5,"44":5,"45":1,"46":5,"47":1,"48":5,"49":0,"50":5,"51":5,"52":0,"53":5,"54":0,"55":0,"56":13,"57":0,"58":0,"59":0,"60":0,"61":0,"62":0,"63":0,"64":0,"65":0,"66":0},"f":{"0":12,"1":15,"2":0,"3":0},"b":{"0":[0],"1":[15,0],"2":[3,12],"3":[2,1],"4":[3,2],"5":[0,1],"6":[0,0],"7":[1,0],"8":[1,11],"9":[1,10],"10":[11,10],"11":[0,10],"12":[10,0],"13":[9,1],"14":[2,8],"15":[1,9],"16":[0,10],"17":[0,10],"18":[3,7],"19":[10,8,8],"20":[1,6],"21":[7,2],"22":[1,5],"23":[6,2],"24":[0,5],"25":[1,4],"26":[1,4],"27":[0,5],"28":[0,5],"29":[0,0],"30":[0,0]},"inputSourceMap":null,"_coverageSchema":"1a1c01bbd47fc00a2c39e90264f33305004495a9","hash":"afe3afdd4aca60cae63e880db864040052e7b237"}
,"C:\\Users\\Erena\\StoryLines\\backend\\src\\routes\\purchases.js": {"path":"C:\\Users\\Erena\\StoryLines\\backend\\src\\routes\\purchases.js","statementMap":{"0":{"start":{"line":4,"column":15},"end":{"line":4,"column":23}},"1":{"start":{"line":7,"column":0},"end":{"line":18,"column":3}},"2":{"start":{"line":8,"column":21},"end":{"line":8,"column":31}},"3":{"start":{"line":10,"column":26},"end":{"line":13,"column":26}},"4":{"start":{"line":15,"column":2},"end":{"line":15,"column":78}},"5":{"start":{"line":15,"column":13},"end":{"line":15,"column":78}},"6":{"start":{"line":17,"column":2},"end":{"line":17,"column":65}},"7":{"start":{"line":17,"column":51},"end":{"line":17,"column":60}},"8":{"start":{"line":21,"column":0},"end":{"line":74,"column":3}},"9":{"start":{"line":22,"column":29},"end":{"line":22,"column":37}},"10":{"start":{"line":25,"column":29},"end":{"line":30,"column":18}},"11":{"start":{"line":32,"column":2},"end":{"line":34,"column":3}},"12":{"start":{"line":33,"column":4},"end":{"line":33,"column":62}},"13":{"start":{"line":37,"column":41},"end":{"line":41,"column":13}},"14":{"start":{"line":43,"column":2},"end":{"line":45,"column":3}},"15":{"start":{"line":44,"column":4},"end":{"line":44,"column":76}},"16":{"start":{"line":48,"column":39},"end":{"line":52,"column":13}},"17":{"start":{"line":54,"column":2},"end":{"line":56,"column":3}},"18":{"start":{"line":55,"column":4},"end":{"line":55,"column":79}},"19":{"start":{"line":58,"column":2},"end":{"line":60,"column":3}},"20":{"start":{"line":59,"column":4},"end":{"line":59,"column":64}},"21":{"start":{"line":63,"column":2},"end":{"line":66,"column":27}},"22":{"start":{"line":69,"column":2},"end":{"line":71,"column":50}},"23":{"start":{"line":73,"column":2},"end":{"line":73,"column":67}}},"fnMap":{"0":{"name":"(anonymous_0)","decl":{"start":{"line":7,"column":23},"end":{"line":7,"column":24}},"loc":{"start":{"line":7,"column":43},"end":{"line":18,"column":1}},"line":7},"1":{"name":"(anonymous_1)","decl":{"start":{"line":17,"column":46},"end":{"line":17,"column":47}},"loc":{"start":{"line":17,"column":51},"end":{"line":17,"column":60}},"line":17},"2":{"name":"(anonymous_2)","decl":{"start":{"line":21,"column":20},"end":{"line":21,"column":21}},"loc":{"start":{"line":21,"column":40},"end":{"line":74,"column":1}},"line":21}},"branchMap":{"0":{"loc":{"start":{"line":15,"column":2},"end":{"line":15,"column":78}},"type":"if","locations":[{"start":{"line":15,"column":2},"end":{"line":15,"column":78}},{"start":{},"end":{}}],"line":15},"1":{"loc":{"start":{"line":32,"column":2},"end":{"line":34,"column":3}},"type":"if","locations":[{"start":{"line":32,"column":2},"end":{"line":34,"column":3}},{"start":{},"end":{}}],"line":32},"2":{"loc":{"start":{"line":43,"column":2},"end":{"line":45,"column":3}},"type":"if","locations":[{"start":{"line":43,"column":2},"end":{"line":45,"column":3}},{"start":{},"end":{}}],"line":43},"3":{"loc":{"start":{"line":43,"column":6},"end":{"line":43,"column":22}},"type":"binary-expr","locations":[{"start":{"line":43,"column":6},"end":{"line":43,"column":13}},{"start":{"line":43,"column":17},"end":{"line":43,"column":22}}],"line":43},"4":{"loc":{"start":{"line":54,"column":2},"end":{"line":56,"column":3}},"type":"if","locations":[{"start":{"line":54,"column":2},"end":{"line":56,"column":3}},{"start":{},"end":{}}],"line":54},"5":{"loc":{"start":{"line":54,"column":6},"end":{"line":54,"column":20}},"type":"binary-expr","locations":[{"start":{"line":54,"column":6},"end":{"line":54,"column":12}},{"start":{"line":54,"column":16},"end":{"line":54,"column":20}}],"line":54},"6":{"loc":{"start":{"line":58,"column":2},"end":{"line":60,"column":3}},"type":"if","locations":[{"start":{"line":58,"column":2},"end":{"line":60,"column":3}},{"start":{},"end":{}}],"line":58}},"s":{"0":13,"1":13,"2":0,"3":0,"4":0,"5":0,"6":0,"7":0,"8":13,"9":0,"10":0,"11":0,"12":0,"13":0,"14":0,"15":0,"16":0,"17":0,"18":0,"19":0,"20":0,"21":0,"22":0,"23":0},"f":{"0":0,"1":0,"2":0},"b":{"0":[0,0],"1":[0,0],"2":[0,0],"3":[0,0],"4":[0,0],"5":[0,0],"6":[0,0]},"inputSourceMap":null,"_coverageSchema":"1a1c01bbd47fc00a2c39e90264f33305004495a9","hash":"b83fce816360b8cacebbf604a9d2e19f505f8293"}
,"C:\\Users\\Erena\\StoryLines\\backend\\src\\routes\\search.js": {"path":"C:\\Users\\Erena\\StoryLines\\backend\\src\\routes\\search.js","statementMap":{"0":{"start":{"line":4,"column":15},"end":{"line":4,"column":23}},"1":{"start":{"line":7,"column":0},"end":{"line":28,"column":3}},"2":{"start":{"line":8,"column":2},"end":{"line":27,"column":3}},"3":{"start":{"line":9,"column":26},"end":{"line":9,"column":35}},"4":{"start":{"line":11,"column":4},"end":{"line":11,"column":62}},"5":{"start":{"line":11,"column":12},"end":{"line":11,"column":62}},"6":{"start":{"line":12,"column":4},"end":{"line":12,"column":72}},"7":{"start":{"line":12,"column":17},"end":{"line":12,"column":72}},"8":{"start":{"line":14,"column":20},"end":{"line":14,"column":48}},"9":{"start":{"line":16,"column":23},"end":{"line":21,"column":5}},"10":{"start":{"line":17,"column":32},"end":{"line":20,"column":7}},"11":{"start":{"line":23,"column":4},"end":{"line":23,"column":36}},"12":{"start":{"line":25,"column":4},"end":{"line":25,"column":39}},"13":{"start":{"line":26,"column":4},"end":{"line":26,"column":53}},"14":{"start":{"line":31,"column":0},"end":{"line":45,"column":3}},"15":{"start":{"line":32,"column":2},"end":{"line":44,"column":3}},"16":{"start":{"line":33,"column":29},"end":{"line":33,"column":39}},"17":{"start":{"line":34,"column":23},"end":{"line":34,"column":32}},"18":{"start":{"line":36,"column":4},"end":{"line":36,"column":72}},"19":{"start":{"line":36,"column":17},"end":{"line":36,"column":72}},"20":{"start":{"line":38,"column":19},"end":{"line":38,"column":66}},"21":{"start":{"line":40,"column":4},"end":{"line":40,"column":25}},"22":{"start":{"line":42,"column":4},"end":{"line":42,"column":50}},"23":{"start":{"line":43,"column":4},"end":{"line":43,"column":53}}},"fnMap":{"0":{"name":"(anonymous_0)","decl":{"start":{"line":7,"column":21},"end":{"line":7,"column":22}},"loc":{"start":{"line":7,"column":41},"end":{"line":28,"column":1}},"line":7},"1":{"name":"(anonymous_1)","decl":{"start":{"line":17,"column":18},"end":{"line":17,"column":19}},"loc":{"start":{"line":17,"column":32},"end":{"line":20,"column":7}},"line":17},"2":{"name":"(anonymous_2)","decl":{"start":{"line":31,"column":43},"end":{"line":31,"column":44}},"loc":{"start":{"line":31,"column":63},"end":{"line":45,"column":1}},"line":31}},"branchMap":{"0":{"loc":{"start":{"line":11,"column":4},"end":{"line":11,"column":62}},"type":"if","locations":[{"start":{"line":11,"column":4},"end":{"line":11,"column":62}},{"start":{},"end":{}}],"line":11},"1":{"loc":{"start":{"line":12,"column":4},"end":{"line":12,"column":72}},"type":"if","locations":[{"start":{"line":12,"column":4},"end":{"line":12,"column":72}},{"start":{},"end":{}}],"line":12},"2":{"loc":{"start":{"line":36,"column":4},"end":{"line":36,"column":72}},"type":"if","locations":[{"start":{"line":36,"column":4},"end":{"line":36,"column":72}},{"start":{},"end":{}}],"line":36}},"s":{"0":13,"1":13,"2":2,"3":2,"4":2,"5":1,"6":1,"7":1,"8":0,"9":0,"10":0,"11":0,"12":0,"13":0,"14":13,"15":1,"16":1,"17":1,"18":1,"19":1,"20":0,"21":0,"22":0,"23":0},"f":{"0":2,"1":0,"2":1},"b":{"0":[1,1],"1":[1,0],"2":[1,0]},"inputSourceMap":null,"_coverageSchema":"1a1c01bbd47fc00a2c39e90264f33305004495a9","hash":"7cebd7660db87d8ff3ec5dbca56d2c535624acc9"}
,"C:\\Users\\Erena\\StoryLines\\backend\\src\\routes\\shop.js": {"path":"C:\\Users\\Erena\\StoryLines\\backend\\src\\routes\\shop.js","statementMap":{"0":{"start":{"line":4,"column":15},"end":{"line":4,"column":31}},"1":{"start":{"line":7,"column":0},"end":{"line":38,"column":2}},"2":{"start":{"line":8,"column":2},"end":{"line":37,"column":3}},"3":{"start":{"line":9,"column":28},"end":{"line":12,"column":42}},"4":{"start":{"line":14,"column":4},"end":{"line":14,"column":43}},"5":{"start":{"line":16,"column":4},"end":{"line":19,"column":5}},"6":{"start":{"line":17,"column":6},"end":{"line":17,"column":56}},"7":{"start":{"line":18,"column":6},"end":{"line":18,"column":78}},"8":{"start":{"line":21,"column":18},"end":{"line":31,"column":7}},"9":{"start":{"line":21,"column":35},"end":{"line":31,"column":5}},"10":{"start":{"line":33,"column":4},"end":{"line":33,"column":33}},"11":{"start":{"line":35,"column":4},"end":{"line":35,"column":52}},"12":{"start":{"line":36,"column":4},"end":{"line":36,"column":71}},"13":{"start":{"line":41,"column":0},"end":{"line":77,"column":2}},"14":{"start":{"line":42,"column":17},"end":{"line":42,"column":27}},"15":{"start":{"line":44,"column":2},"end":{"line":76,"column":3}},"16":{"start":{"line":45,"column":28},"end":{"line":49,"column":20}},"17":{"start":{"line":51,"column":4},"end":{"line":54,"column":5}},"18":{"start":{"line":52,"column":6},"end":{"line":52,"column":62}},"19":{"start":{"line":53,"column":6},"end":{"line":53,"column":77}},"20":{"start":{"line":56,"column":4},"end":{"line":58,"column":5}},"21":{"start":{"line":57,"column":6},"end":{"line":57,"column":73}},"22":{"start":{"line":60,"column":17},"end":{"line":70,"column":5}},"23":{"start":{"line":72,"column":4},"end":{"line":72,"column":32}},"24":{"start":{"line":74,"column":4},"end":{"line":74,"column":56}},"25":{"start":{"line":75,"column":4},"end":{"line":75,"column":71}}},"fnMap":{"0":{"name":"(anonymous_0)","decl":{"start":{"line":7,"column":21},"end":{"line":7,"column":22}},"loc":{"start":{"line":7,"column":41},"end":{"line":38,"column":1}},"line":7},"1":{"name":"(anonymous_1)","decl":{"start":{"line":21,"column":27},"end":{"line":21,"column":28}},"loc":{"start":{"line":21,"column":35},"end":{"line":31,"column":5}},"line":21},"2":{"name":"(anonymous_2)","decl":{"start":{"line":41,"column":25},"end":{"line":41,"column":26}},"loc":{"start":{"line":41,"column":45},"end":{"line":77,"column":1}},"line":41}},"branchMap":{"0":{"loc":{"start":{"line":16,"column":4},"end":{"line":19,"column":5}},"type":"if","locations":[{"start":{"line":16,"column":4},"end":{"line":19,"column":5}},{"start":{},"end":{}}],"line":16},"1":{"loc":{"start":{"line":51,"column":4},"end":{"line":54,"column":5}},"type":"if","locations":[{"start":{"line":51,"column":4},"end":{"line":54,"column":5}},{"start":{},"end":{}}],"line":51},"2":{"loc":{"start":{"line":56,"column":4},"end":{"line":58,"column":5}},"type":"if","locations":[{"start":{"line":56,"column":4},"end":{"line":58,"column":5}},{"start":{},"end":{}}],"line":56}},"s":{"0":13,"1":13,"2":1,"3":1,"4":1,"5":1,"6":0,"7":0,"8":1,"9":1,"10":1,"11":0,"12":0,"13":13,"14":2,"15":2,"16":2,"17":2,"18":0,"19":0,"20":2,"21":1,"22":1,"23":1,"24":0,"25":0},"f":{"0":1,"1":1,"2":2},"b":{"0":[0,1],"1":[0,2],"2":[1,1]},"inputSourceMap":null,"_coverageSchema":"1a1c01bbd47fc00a2c39e90264f33305004495a9","hash":"e64e8975a470b65b2b99a8c75c9589038c41e4f1"}
,"C:\\Users\\Erena\\StoryLines\\backend\\src\\routes\\trips.js": {"path":"C:\\Users\\Erena\\StoryLines\\backend\\src\\routes\\trips.js","statementMap":{"0":{"start":{"line":4,"column":15},"end":{"line":4,"column":23}},"1":{"start":{"line":9,"column":0},"end":{"line":59,"column":3}},"2":{"start":{"line":10,"column":2},"end":{"line":58,"column":3}},"3":{"start":{"line":11,"column":47},"end":{"line":14,"column":32}},"4":{"start":{"line":16,"column":4},"end":{"line":16,"column":79}},"5":{"start":{"line":16,"column":20},"end":{"line":16,"column":79}},"6":{"start":{"line":18,"column":47},"end":{"line":23,"column":8}},"7":{"start":{"line":25,"column":4},"end":{"line":25,"column":79}},"8":{"start":{"line":25,"column":20},"end":{"line":25,"column":79}},"9":{"start":{"line":27,"column":20},"end":{"line":27,"column":22}},"10":{"start":{"line":28,"column":4},"end":{"line":37,"column":7}},"11":{"start":{"line":29,"column":6},"end":{"line":29,"column":55}},"12":{"start":{"line":29,"column":31},"end":{"line":29,"column":55}},"13":{"start":{"line":30,"column":6},"end":{"line":36,"column":9}},"14":{"start":{"line":39,"column":22},"end":{"line":52,"column":7}},"15":{"start":{"line":39,"column":40},"end":{"line":52,"column":5}},"16":{"start":{"line":54,"column":4},"end":{"line":54,"column":52}},"17":{"start":{"line":56,"column":4},"end":{"line":56,"column":42}},"18":{"start":{"line":57,"column":4},"end":{"line":57,"column":60}},"19":{"start":{"line":64,"column":0},"end":{"line":133,"column":3}},"20":{"start":{"line":65,"column":2},"end":{"line":132,"column":3}},"21":{"start":{"line":66,"column":19},"end":{"line":66,"column":36}},"22":{"start":{"line":69,"column":52},"end":{"line":72,"column":28}},"23":{"start":{"line":74,"column":4},"end":{"line":74,"column":79}},"24":{"start":{"line":74,"column":20},"end":{"line":74,"column":79}},"25":{"start":{"line":77,"column":20},"end":{"line":77,"column":52}},"26":{"start":{"line":77,"column":42},"end":{"line":77,"column":51}},"27":{"start":{"line":79,"column":47},"end":{"line":83,"column":32}},"28":{"start":{"line":85,"column":4},"end":{"line":85,"column":79}},"29":{"start":{"line":85,"column":20},"end":{"line":85,"column":79}},"30":{"start":{"line":87,"column":47},"end":{"line":93,"column":29}},"31":{"start":{"line":95,"column":4},"end":{"line":95,"column":79}},"32":{"start":{"line":95,"column":20},"end":{"line":95,"column":79}},"33":{"start":{"line":97,"column":20},"end":{"line":97,"column":22}},"34":{"start":{"line":98,"column":4},"end":{"line":107,"column":7}},"35":{"start":{"line":99,"column":6},"end":{"line":99,"column":55}},"36":{"start":{"line":99,"column":31},"end":{"line":99,"column":55}},"37":{"start":{"line":100,"column":6},"end":{"line":106,"column":9}},"38":{"start":{"line":109,"column":22},"end":{"line":123,"column":7}},"39":{"start":{"line":109,"column":40},"end":{"line":123,"column":5}},"40":{"start":{"line":116,"column":36},"end":{"line":116,"column":54}},"41":{"start":{"line":126,"column":4},"end":{"line":126,"column":72}},"42":{"start":{"line":126,"column":29},"end":{"line":126,"column":70}},"43":{"start":{"line":128,"column":4},"end":{"line":128,"column":52}},"44":{"start":{"line":130,"column":4},"end":{"line":130,"column":48}},"45":{"start":{"line":131,"column":4},"end":{"line":131,"column":60}},"46":{"start":{"line":138,"column":0},"end":{"line":256,"column":3}},"47":{"start":{"line":139,"column":2},"end":{"line":255,"column":3}},"48":{"start":{"line":140,"column":19},"end":{"line":140,"column":32}},"49":{"start":{"line":142,"column":45},"end":{"line":146,"column":15}},"50":{"start":{"line":148,"column":4},"end":{"line":149,"column":79}},"51":{"start":{"line":149,"column":6},"end":{"line":149,"column":79}},"52":{"start":{"line":151,"column":28},"end":{"line":157,"column":28}},"53":{"start":{"line":159,"column":27},"end":{"line":168,"column":7}},"54":{"start":{"line":159,"column":48},"end":{"line":168,"column":5}},"55":{"start":{"line":170,"column":35},"end":{"line":177,"column":47}},"56":{"start":{"line":179,"column":30},"end":{"line":190,"column":7}},"57":{"start":{"line":179,"column":55},"end":{"line":190,"column":5}},"58":{"start":{"line":193,"column":4},"end":{"line":193,"column":84}},"59":{"start":{"line":193,"column":37},"end":{"line":193,"column":82}},"60":{"start":{"line":195,"column":37},"end":{"line":198,"column":28}},"61":{"start":{"line":200,"column":34},"end":{"line":203,"column":28}},"62":{"start":{"line":205,"column":29},"end":{"line":205,"column":34}},"63":{"start":{"line":206,"column":4},"end":{"line":214,"column":5}},"64":{"start":{"line":207,"column":30},"end":{"line":211,"column":40}},"65":{"start":{"line":213,"column":6},"end":{"line":213,"column":44}},"66":{"start":{"line":216,"column":29},"end":{"line":216,"column":34}},"67":{"start":{"line":217,"column":4},"end":{"line":225,"column":5}},"68":{"start":{"line":218,"column":30},"end":{"line":222,"column":40}},"69":{"start":{"line":224,"column":4},"end":{"line":224,"column":42}},"70":{"start":{"line":227,"column":4},"end":{"line":251,"column":7}},"71":{"start":{"line":253,"column":4},"end":{"line":253,"column":47}},"72":{"start":{"line":254,"column":4},"end":{"line":254,"column":60}},"73":{"start":{"line":262,"column":0},"end":{"line":297,"column":3}},"74":{"start":{"line":263,"column":2},"end":{"line":296,"column":3}},"75":{"start":{"line":264,"column":72},"end":{"line":264,"column":80}},"76":{"start":{"line":266,"column":4},"end":{"line":266,"column":74}},"77":{"start":{"line":266,"column":18},"end":{"line":266,"column":74}},"78":{"start":{"line":267,"column":4},"end":{"line":267,"column":78}},"79":{"start":{"line":267,"column":20},"end":{"line":267,"column":78}},"80":{"start":{"line":268,"column":4},"end":{"line":268,"column":90}},"81":{"start":{"line":268,"column":34},"end":{"line":268,"column":90}},"82":{"start":{"line":269,"column":4},"end":{"line":269,"column":72}},"83":{"start":{"line":269,"column":17},"end":{"line":269,"column":72}},"84":{"start":{"line":270,"column":4},"end":{"line":270,"column":88}},"85":{"start":{"line":270,"column":31},"end":{"line":270,"column":88}},"86":{"start":{"line":272,"column":45},"end":{"line":276,"column":15}},"87":{"start":{"line":278,"column":4},"end":{"line":278,"column":35}},"88":{"start":{"line":278,"column":19},"end":{"line":278,"column":35}},"89":{"start":{"line":280,"column":19},"end":{"line":280,"column":26}},"90":{"start":{"line":282,"column":4},"end":{"line":290,"column":5}},"91":{"start":{"line":283,"column":6},"end":{"line":289,"column":9}},"92":{"start":{"line":292,"column":4},"end":{"line":292,"column":42}},"93":{"start":{"line":294,"column":4},"end":{"line":294,"column":44}},"94":{"start":{"line":295,"column":4},"end":{"line":295,"column":74}},"95":{"start":{"line":302,"column":0},"end":{"line":340,"column":3}},"96":{"start":{"line":303,"column":2},"end":{"line":339,"column":3}},"97":{"start":{"line":304,"column":23},"end":{"line":304,"column":33}},"98":{"start":{"line":305,"column":23},"end":{"line":305,"column":31}},"99":{"start":{"line":307,"column":4},"end":{"line":308,"column":61}},"100":{"start":{"line":308,"column":6},"end":{"line":308,"column":61}},"101":{"start":{"line":310,"column":31},"end":{"line":315,"column":20}},"102":{"start":{"line":317,"column":4},"end":{"line":328,"column":5}},"103":{"start":{"line":318,"column":35},"end":{"line":320,"column":53}},"104":{"start":{"line":322,"column":6},"end":{"line":323,"column":66}},"105":{"start":{"line":323,"column":8},"end":{"line":323,"column":66}},"106":{"start":{"line":325,"column":6},"end":{"line":327,"column":9}},"107":{"start":{"line":330,"column":22},"end":{"line":333,"column":28}},"108":{"start":{"line":335,"column":4},"end":{"line":335,"column":65}},"109":{"start":{"line":337,"column":4},"end":{"line":337,"column":37}},"110":{"start":{"line":338,"column":4},"end":{"line":338,"column":60}},"111":{"start":{"line":342,"column":0},"end":{"line":366,"column":3}},"112":{"start":{"line":343,"column":2},"end":{"line":365,"column":3}},"113":{"start":{"line":344,"column":31},"end":{"line":344,"column":41}},"114":{"start":{"line":346,"column":4},"end":{"line":350,"column":29}},"115":{"start":{"line":352,"column":4},"end":{"line":354,"column":7}},"116":{"start":{"line":356,"column":22},"end":{"line":359,"column":28}},"117":{"start":{"line":361,"column":4},"end":{"line":361,"column":66}},"118":{"start":{"line":363,"column":4},"end":{"line":363,"column":39}},"119":{"start":{"line":364,"column":4},"end":{"line":364,"column":60}},"120":{"start":{"line":371,"column":0},"end":{"line":397,"column":3}},"121":{"start":{"line":372,"column":2},"end":{"line":396,"column":3}},"122":{"start":{"line":373,"column":23},"end":{"line":373,"column":33}},"123":{"start":{"line":374,"column":29},"end":{"line":374,"column":37}},"124":{"start":{"line":376,"column":4},"end":{"line":377,"column":61}},"125":{"start":{"line":377,"column":6},"end":{"line":377,"column":61}},"126":{"start":{"line":379,"column":4},"end":{"line":381,"column":58}},"127":{"start":{"line":383,"column":4},"end":{"line":385,"column":7}},"128":{"start":{"line":387,"column":22},"end":{"line":390,"column":28}},"129":{"start":{"line":392,"column":4},"end":{"line":392,"column":56}},"130":{"start":{"line":394,"column":4},"end":{"line":394,"column":40}},"131":{"start":{"line":395,"column":4},"end":{"line":395,"column":60}},"132":{"start":{"line":399,"column":0},"end":{"line":423,"column":3}},"133":{"start":{"line":400,"column":2},"end":{"line":422,"column":3}},"134":{"start":{"line":401,"column":42},"end":{"line":401,"column":52}},"135":{"start":{"line":403,"column":4},"end":{"line":407,"column":29}},"136":{"start":{"line":409,"column":4},"end":{"line":411,"column":7}},"137":{"start":{"line":413,"column":22},"end":{"line":416,"column":28}},"138":{"start":{"line":418,"column":4},"end":{"line":418,"column":56}},"139":{"start":{"line":420,"column":4},"end":{"line":420,"column":47}},"140":{"start":{"line":421,"column":4},"end":{"line":421,"column":60}},"141":{"start":{"line":428,"column":0},"end":{"line":458,"column":3}},"142":{"start":{"line":429,"column":2},"end":{"line":457,"column":3}},"143":{"start":{"line":430,"column":23},"end":{"line":430,"column":33}},"144":{"start":{"line":431,"column":23},"end":{"line":431,"column":31}},"145":{"start":{"line":433,"column":4},"end":{"line":434,"column":61}},"146":{"start":{"line":434,"column":6},"end":{"line":434,"column":61}},"147":{"start":{"line":437,"column":31},"end":{"line":442,"column":20}},"148":{"start":{"line":444,"column":4},"end":{"line":451,"column":5}},"149":{"start":{"line":445,"column":35},"end":{"line":447,"column":53}},"150":{"start":{"line":449,"column":6},"end":{"line":450,"column":66}},"151":{"start":{"line":450,"column":8},"end":{"line":450,"column":66}},"152":{"start":{"line":453,"column":4},"end":{"line":453,"column":47}},"153":{"start":{"line":455,"column":4},"end":{"line":455,"column":42}},"154":{"start":{"line":456,"column":4},"end":{"line":456,"column":60}},"155":{"start":{"line":460,"column":0},"end":{"line":475,"column":3}},"156":{"start":{"line":461,"column":2},"end":{"line":474,"column":3}},"157":{"start":{"line":462,"column":31},"end":{"line":462,"column":41}},"158":{"start":{"line":464,"column":4},"end":{"line":468,"column":29}},"159":{"start":{"line":470,"column":4},"end":{"line":470,"column":48}},"160":{"start":{"line":472,"column":4},"end":{"line":472,"column":44}},"161":{"start":{"line":473,"column":4},"end":{"line":473,"column":60}},"162":{"start":{"line":480,"column":0},"end":{"line":491,"column":3}},"163":{"start":{"line":481,"column":2},"end":{"line":490,"column":3}},"164":{"start":{"line":482,"column":23},"end":{"line":482,"column":33}},"165":{"start":{"line":483,"column":4},"end":{"line":485,"column":7}},"166":{"start":{"line":486,"column":4},"end":{"line":486,"column":34}},"167":{"start":{"line":488,"column":4},"end":{"line":488,"column":48}},"168":{"start":{"line":489,"column":4},"end":{"line":489,"column":60}}},"fnMap":{"0":{"name":"(anonymous_0)","decl":{"start":{"line":9,"column":16},"end":{"line":9,"column":17}},"loc":{"start":{"line":9,"column":37},"end":{"line":59,"column":1}},"line":9},"1":{"name":"(anonymous_1)","decl":{"start":{"line":28,"column":26},"end":{"line":28,"column":27}},"loc":{"start":{"line":28,"column":33},"end":{"line":37,"column":5}},"line":28},"2":{"name":"(anonymous_2)","decl":{"start":{"line":39,"column":32},"end":{"line":39,"column":33}},"loc":{"start":{"line":39,"column":40},"end":{"line":52,"column":5}},"line":39},"3":{"name":"(anonymous_3)","decl":{"start":{"line":64,"column":29},"end":{"line":64,"column":30}},"loc":{"start":{"line":64,"column":49},"end":{"line":133,"column":1}},"line":64},"4":{"name":"(anonymous_4)","decl":{"start":{"line":77,"column":35},"end":{"line":77,"column":36}},"loc":{"start":{"line":77,"column":42},"end":{"line":77,"column":51}},"line":77},"5":{"name":"(anonymous_5)","decl":{"start":{"line":98,"column":26},"end":{"line":98,"column":27}},"loc":{"start":{"line":98,"column":33},"end":{"line":107,"column":5}},"line":98},"6":{"name":"(anonymous_6)","decl":{"start":{"line":109,"column":32},"end":{"line":109,"column":33}},"loc":{"start":{"line":109,"column":40},"end":{"line":123,"column":5}},"line":109},"7":{"name":"(anonymous_7)","decl":{"start":{"line":116,"column":31},"end":{"line":116,"column":32}},"loc":{"start":{"line":116,"column":36},"end":{"line":116,"column":54}},"line":116},"8":{"name":"(anonymous_8)","decl":{"start":{"line":126,"column":19},"end":{"line":126,"column":20}},"loc":{"start":{"line":126,"column":29},"end":{"line":126,"column":70}},"line":126},"9":{"name":"(anonymous_9)","decl":{"start":{"line":138,"column":19},"end":{"line":138,"column":20}},"loc":{"start":{"line":138,"column":39},"end":{"line":256,"column":1}},"line":138},"10":{"name":"(anonymous_10)","decl":{"start":{"line":159,"column":37},"end":{"line":159,"column":38}},"loc":{"start":{"line":159,"column":48},"end":{"line":168,"column":5}},"line":159},"11":{"name":"(anonymous_11)","decl":{"start":{"line":179,"column":47},"end":{"line":179,"column":48}},"loc":{"start":{"line":179,"column":55},"end":{"line":190,"column":5}},"line":179},"12":{"name":"(anonymous_12)","decl":{"start":{"line":193,"column":27},"end":{"line":193,"column":28}},"loc":{"start":{"line":193,"column":37},"end":{"line":193,"column":82}},"line":193},"13":{"name":"(anonymous_13)","decl":{"start":{"line":262,"column":17},"end":{"line":262,"column":18}},"loc":{"start":{"line":262,"column":37},"end":{"line":297,"column":1}},"line":262},"14":{"name":"(anonymous_14)","decl":{"start":{"line":302,"column":29},"end":{"line":302,"column":30}},"loc":{"start":{"line":302,"column":49},"end":{"line":340,"column":1}},"line":302},"15":{"name":"(anonymous_15)","decl":{"start":{"line":342,"column":39},"end":{"line":342,"column":40}},"loc":{"start":{"line":342,"column":59},"end":{"line":366,"column":1}},"line":342},"16":{"name":"(anonymous_16)","decl":{"start":{"line":371,"column":33},"end":{"line":371,"column":34}},"loc":{"start":{"line":371,"column":53},"end":{"line":397,"column":1}},"line":371},"17":{"name":"(anonymous_17)","decl":{"start":{"line":399,"column":54},"end":{"line":399,"column":55}},"loc":{"start":{"line":399,"column":74},"end":{"line":423,"column":1}},"line":399},"18":{"name":"(anonymous_18)","decl":{"start":{"line":428,"column":29},"end":{"line":428,"column":30}},"loc":{"start":{"line":428,"column":49},"end":{"line":458,"column":1}},"line":428},"19":{"name":"(anonymous_19)","decl":{"start":{"line":460,"column":39},"end":{"line":460,"column":40}},"loc":{"start":{"line":460,"column":59},"end":{"line":475,"column":1}},"line":460},"20":{"name":"(anonymous_20)","decl":{"start":{"line":480,"column":29},"end":{"line":480,"column":30}},"loc":{"start":{"line":480,"column":49},"end":{"line":491,"column":1}},"line":480}},"branchMap":{"0":{"loc":{"start":{"line":16,"column":4},"end":{"line":16,"column":79}},"type":"if","locations":[{"start":{"line":16,"column":4},"end":{"line":16,"column":79}},{"start":{},"end":{}}],"line":16},"1":{"loc":{"start":{"line":25,"column":4},"end":{"line":25,"column":79}},"type":"if","locations":[{"start":{"line":25,"column":4},"end":{"line":25,"column":79}},{"start":{},"end":{}}],"line":25},"2":{"loc":{"start":{"line":28,"column":5},"end":{"line":28,"column":16}},"type":"binary-expr","locations":[{"start":{"line":28,"column":5},"end":{"line":28,"column":10}},{"start":{"line":28,"column":14},"end":{"line":28,"column":16}}],"line":28},"3":{"loc":{"start":{"line":29,"column":6},"end":{"line":29,"column":55}},"type":"if","locations":[{"start":{"line":29,"column":6},"end":{"line":29,"column":55}},{"start":{},"end":{}}],"line":29},"4":{"loc":{"start":{"line":31,"column":17},"end":{"line":31,"column":38}},"type":"binary-expr","locations":[{"start":{"line":31,"column":17},"end":{"line":31,"column":32}},{"start":{"line":31,"column":36},"end":{"line":31,"column":38}}],"line":31},"5":{"loc":{"start":{"line":35,"column":16},"end":{"line":35,"column":30}},"type":"binary-expr","locations":[{"start":{"line":35,"column":16},"end":{"line":35,"column":24}},{"start":{"line":35,"column":28},"end":{"line":35,"column":30}}],"line":35},"6":{"loc":{"start":{"line":42,"column":16},"end":{"line":42,"column":58}},"type":"binary-expr","locations":[{"start":{"line":42,"column":16},"end":{"line":42,"column":37}},{"start":{"line":42,"column":41},"end":{"line":42,"column":58}}],"line":42},"7":{"loc":{"start":{"line":50,"column":13},"end":{"line":50,"column":32}},"type":"binary-expr","locations":[{"start":{"line":50,"column":13},"end":{"line":50,"column":26}},{"start":{"line":50,"column":30},"end":{"line":50,"column":32}}],"line":50},"8":{"loc":{"start":{"line":51,"column":13},"end":{"line":51,"column":25}},"type":"binary-expr","locations":[{"start":{"line":51,"column":13},"end":{"line":51,"column":20}},{"start":{"line":51,"column":24},"end":{"line":51,"column":25}}],"line":51},"9":{"loc":{"start":{"line":74,"column":4},"end":{"line":74,"column":79}},"type":"if","locations":[{"start":{"line":74,"column":4},"end":{"line":74,"column":79}},{"start":{},"end":{}}],"line":74},"10":{"loc":{"start":{"line":85,"column":4},"end":{"line":85,"column":79}},"type":"if","locations":[{"start":{"line":85,"column":4},"end":{"line":85,"column":79}},{"start":{},"end":{}}],"line":85},"11":{"loc":{"start":{"line":95,"column":4},"end":{"line":95,"column":79}},"type":"if","locations":[{"start":{"line":95,"column":4},"end":{"line":95,"column":79}},{"start":{},"end":{}}],"line":95},"12":{"loc":{"start":{"line":98,"column":5},"end":{"line":98,"column":16}},"type":"binary-expr","locations":[{"start":{"line":98,"column":5},"end":{"line":98,"column":10}},{"start":{"line":98,"column":14},"end":{"line":98,"column":16}}],"line":98},"13":{"loc":{"start":{"line":99,"column":6},"end":{"line":99,"column":55}},"type":"if","locations":[{"start":{"line":99,"column":6},"end":{"line":99,"column":55}},{"start":{},"end":{}}],"line":99},"14":{"loc":{"start":{"line":101,"column":17},"end":{"line":101,"column":38}},"type":"binary-expr","locations":[{"start":{"line":101,"column":17},"end":{"line":101,"column":32}},{"start":{"line":101,"column":36},"end":{"line":101,"column":38}}],"line":101},"15":{"loc":{"start":{"line":105,"column":16},"end":{"line":105,"column":30}},"type":"binary-expr","locations":[{"start":{"line":105,"column":16},"end":{"line":105,"column":24}},{"start":{"line":105,"column":28},"end":{"line":105,"column":30}}],"line":105},"16":{"loc":{"start":{"line":116,"column":15},"end":{"line":116,"column":75}},"type":"binary-expr","locations":[{"start":{"line":116,"column":15},"end":{"line":116,"column":67}},{"start":{"line":116,"column":71},"end":{"line":116,"column":75}}],"line":116},"17":{"loc":{"start":{"line":121,"column":13},"end":{"line":121,"column":32}},"type":"binary-expr","locations":[{"start":{"line":121,"column":13},"end":{"line":121,"column":26}},{"start":{"line":121,"column":30},"end":{"line":121,"column":32}}],"line":121},"18":{"loc":{"start":{"line":122,"column":13},"end":{"line":122,"column":25}},"type":"binary-expr","locations":[{"start":{"line":122,"column":13},"end":{"line":122,"column":20}},{"start":{"line":122,"column":24},"end":{"line":122,"column":25}}],"line":122},"19":{"loc":{"start":{"line":148,"column":4},"end":{"line":149,"column":79}},"type":"if","locations":[{"start":{"line":148,"column":4},"end":{"line":149,"column":79}},{"start":{},"end":{}}],"line":148},"20":{"loc":{"start":{"line":148,"column":8},"end":{"line":148,"column":26}},"type":"binary-expr","locations":[{"start":{"line":148,"column":8},"end":{"line":148,"column":17}},{"start":{"line":148,"column":21},"end":{"line":148,"column":26}}],"line":148},"21":{"loc":{"start":{"line":160,"column":13},"end":{"line":160,"column":32}},"type":"binary-expr","locations":[{"start":{"line":160,"column":13},"end":{"line":160,"column":22}},{"start":{"line":160,"column":26},"end":{"line":160,"column":32}}],"line":160},"22":{"loc":{"start":{"line":164,"column":14},"end":{"line":164,"column":31}},"type":"binary-expr","locations":[{"start":{"line":164,"column":14},"end":{"line":164,"column":25}},{"start":{"line":164,"column":29},"end":{"line":164,"column":31}}],"line":164},"23":{"loc":{"start":{"line":206,"column":4},"end":{"line":214,"column":5}},"type":"if","locations":[{"start":{"line":206,"column":4},"end":{"line":214,"column":5}},{"start":{},"end":{}}],"line":206},"24":{"loc":{"start":{"line":217,"column":4},"end":{"line":225,"column":5}},"type":"if","locations":[{"start":{"line":217,"column":4},"end":{"line":225,"column":5}},{"start":{},"end":{}}],"line":217},"25":{"loc":{"start":{"line":266,"column":4},"end":{"line":266,"column":74}},"type":"if","locations":[{"start":{"line":266,"column":4},"end":{"line":266,"column":74}},{"start":{},"end":{}}],"line":266},"26":{"loc":{"start":{"line":267,"column":4},"end":{"line":267,"column":78}},"type":"if","locations":[{"start":{"line":267,"column":4},"end":{"line":267,"column":78}},{"start":{},"end":{}}],"line":267},"27":{"loc":{"start":{"line":268,"column":4},"end":{"line":268,"column":90}},"type":"if","locations":[{"start":{"line":268,"column":4},"end":{"line":268,"column":90}},{"start":{},"end":{}}],"line":268},"28":{"loc":{"start":{"line":268,"column":8},"end":{"line":268,"column":32}},"type":"binary-expr","locations":[{"start":{"line":268,"column":8},"end":{"line":268,"column":19}},{"start":{"line":268,"column":23},"end":{"line":268,"column":32}}],"line":268},"29":{"loc":{"start":{"line":269,"column":4},"end":{"line":269,"column":72}},"type":"if","locations":[{"start":{"line":269,"column":4},"end":{"line":269,"column":72}},{"start":{},"end":{}}],"line":269},"30":{"loc":{"start":{"line":270,"column":4},"end":{"line":270,"column":88}},"type":"if","locations":[{"start":{"line":270,"column":4},"end":{"line":270,"column":88}},{"start":{},"end":{}}],"line":270},"31":{"loc":{"start":{"line":278,"column":4},"end":{"line":278,"column":35}},"type":"if","locations":[{"start":{"line":278,"column":4},"end":{"line":278,"column":35}},{"start":{},"end":{}}],"line":278},"32":{"loc":{"start":{"line":287,"column":16},"end":{"line":287,"column":33}},"type":"binary-expr","locations":[{"start":{"line":287,"column":16},"end":{"line":287,"column":27}},{"start":{"line":287,"column":31},"end":{"line":287,"column":33}}],"line":287},"33":{"loc":{"start":{"line":288,"column":21},"end":{"line":288,"column":45}},"type":"binary-expr","locations":[{"start":{"line":288,"column":21},"end":{"line":288,"column":37}},{"start":{"line":288,"column":41},"end":{"line":288,"column":45}}],"line":288},"34":{"loc":{"start":{"line":307,"column":4},"end":{"line":308,"column":61}},"type":"if","locations":[{"start":{"line":307,"column":4},"end":{"line":308,"column":61}},{"start":{},"end":{}}],"line":307},"35":{"loc":{"start":{"line":307,"column":8},"end":{"line":307,"column":26}},"type":"binary-expr","locations":[{"start":{"line":307,"column":8},"end":{"line":307,"column":15}},{"start":{"line":307,"column":19},"end":{"line":307,"column":26}}],"line":307},"36":{"loc":{"start":{"line":317,"column":4},"end":{"line":328,"column":5}},"type":"if","locations":[{"start":{"line":317,"column":4},"end":{"line":328,"column":5}},{"start":{},"end":{}}],"line":317},"37":{"loc":{"start":{"line":322,"column":6},"end":{"line":323,"column":66}},"type":"if","locations":[{"start":{"line":322,"column":6},"end":{"line":323,"column":66}},{"start":{},"end":{}}],"line":322},"38":{"loc":{"start":{"line":322,"column":10},"end":{"line":322,"column":49}},"type":"binary-expr","locations":[{"start":{"line":322,"column":10},"end":{"line":322,"column":19}},{"start":{"line":322,"column":23},"end":{"line":322,"column":49}}],"line":322},"39":{"loc":{"start":{"line":376,"column":4},"end":{"line":377,"column":61}},"type":"if","locations":[{"start":{"line":376,"column":4},"end":{"line":377,"column":61}},{"start":{},"end":{}}],"line":376},"40":{"loc":{"start":{"line":376,"column":8},"end":{"line":376,"column":35}},"type":"binary-expr","locations":[{"start":{"line":376,"column":8},"end":{"line":376,"column":15}},{"start":{"line":376,"column":19},"end":{"line":376,"column":26}},{"start":{"line":376,"column":30},"end":{"line":376,"column":35}}],"line":376},"41":{"loc":{"start":{"line":433,"column":4},"end":{"line":434,"column":61}},"type":"if","locations":[{"start":{"line":433,"column":4},"end":{"line":434,"column":61}},{"start":{},"end":{}}],"line":433},"42":{"loc":{"start":{"line":433,"column":8},"end":{"line":433,"column":26}},"type":"binary-expr","locations":[{"start":{"line":433,"column":8},"end":{"line":433,"column":15}},{"start":{"line":433,"column":19},"end":{"line":433,"column":26}}],"line":433},"43":{"loc":{"start":{"line":444,"column":4},"end":{"line":451,"column":5}},"type":"if","locations":[{"start":{"line":444,"column":4},"end":{"line":451,"column":5}},{"start":{},"end":{}}],"line":444},"44":{"loc":{"start":{"line":449,"column":6},"end":{"line":450,"column":66}},"type":"if","locations":[{"start":{"line":449,"column":6},"end":{"line":450,"column":66}},{"start":{},"end":{}}],"line":449},"45":{"loc":{"start":{"line":449,"column":10},"end":{"line":449,"column":49}},"type":"binary-expr","locations":[{"start":{"line":449,"column":10},"end":{"line":449,"column":19}},{"start":{"line":449,"column":23},"end":{"line":449,"column":49}}],"line":449}},"s":{"0":13,"1":13,"2":1,"3":1,"4":1,"5":0,"6":1,"7":1,"8":0,"9":1,"10":1,"11":0,"12":0,"13":0,"14":1,"15":0,"16":1,"17":0,"18":0,"19":13,"20":0,"21":0,"22":0,"23":0,"24":0,"25":0,"26":0,"27":0,"28":0,"29":0,"30":0,"31":0,"32":0,"33":0,"34":0,"35":0,"36":0,"37":0,"38":0,"39":0,"40":0,"41":0,"42":0,"43":0,"44":0,"45":0,"46":13,"47":0,"48":0,"49":0,"50":0,"51":0,"52":0,"53":0,"54":0,"55":0,"56":0,"57":0,"58":0,"59":0,"60":0,"61":0,"62":0,"63":0,"64":0,"65":0,"66":0,"67":0,"68":0,"69":0,"70":0,"71":0,"72":0,"73":13,"74":2,"75":2,"76":2,"77":2,"78":0,"79":0,"80":0,"81":0,"82":0,"83":0,"84":0,"85":0,"86":0,"87":0,"88":0,"89":0,"90":0,"91":0,"92":0,"93":0,"94":0,"95":13,"96":0,"97":0,"98":0,"99":0,"100":0,"101":0,"102":0,"103":0,"104":0,"105":0,"106":0,"107":0,"108":0,"109":0,"110":0,"111":13,"112":0,"113":0,"114":0,"115":0,"116":0,"117":0,"118":0,"119":0,"120":13,"121":0,"122":0,"123":0,"124":0,"125":0,"126":0,"127":0,"128":0,"129":0,"130":0,"131":0,"132":13,"133":0,"134":0,"135":0,"136":0,"137":0,"138":0,"139":0,"140":0,"141":13,"142":0,"143":0,"144":0,"145":0,"146":0,"147":0,"148":0,"149":0,"150":0,"151":0,"152":0,"153":0,"154":0,"155":13,"156":0,"157":0,"158":0,"159":0,"160":0,"161":0,"162":13,"163":0,"164":0,"165":0,"166":0,"167":0,"168":0},"f":{"0":1,"1":0,"2":0,"3":0,"4":0,"5":0,"6":0,"7":0,"8":0,"9":0,"10":0,"11":0,"12":0,"13":2,"14":0,"15":0,"16":0,"17":0,"18":0,"19":0,"20":0},"b":{"0":[0,1],"1":[0,1],"2":[1,0],"3":[0,0],"4":[0,0],"5":[0,0],"6":[0,0],"7":[0,0],"8":[0,0],"9":[0,0],"10":[0,0],"11":[0,0],"12":[0,0],"13":[0,0],"14":[0,0],"15":[0,0],"16":[0,0],"17":[0,0],"18":[0,0],"19":[0,0],"20":[0,0],"21":[0,0],"22":[0,0],"23":[0,0],"24":[0,0],"25":[2,0],"26":[0,0],"27":[0,0],"28":[0,0],"29":[0,0],"30":[0,0],"31":[0,0],"32":[0,0],"33":[0,0],"34":[0,0],"35":[0,0],"36":[0,0],"37":[0,0],"38":[0,0],"39":[0,0],"40":[0,0,0],"41":[0,0],"42":[0,0],"43":[0,0],"44":[0,0],"45":[0,0]},"inputSourceMap":null,"_coverageSchema":"1a1c01bbd47fc00a2c39e90264f33305004495a9","hash":"5da38bc03436674fbc5037e313a7f98eeeac3fa2"}
,"C:\\Users\\Erena\\StoryLines\\backend\\src\\routes\\users.js": {"path":"C:\\Users\\Erena\\StoryLines\\backend\\src\\routes\\users.js","statementMap":{"0":{"start":{"line":4,"column":15},"end":{"line":4,"column":31}},"1":{"start":{"line":7,"column":0},"end":{"line":16,"column":3}},"2":{"start":{"line":9,"column":17},"end":{"line":9,"column":30}},"3":{"start":{"line":10,"column":4},"end":{"line":15,"column":5}},"4":{"start":{"line":11,"column":23},"end":{"line":11,"column":51}},"5":{"start":{"line":12,"column":8},"end":{"line":12,"column":37}},"6":{"start":{"line":14,"column":8},"end":{"line":14,"column":55}}},"fnMap":{"0":{"name":"(anonymous_0)","decl":{"start":{"line":7,"column":22},"end":{"line":7,"column":23}},"loc":{"start":{"line":7,"column":42},"end":{"line":16,"column":1}},"line":7}},"branchMap":{},"s":{"0":13,"1":13,"2":0,"3":0,"4":0,"5":0,"6":0},"f":{"0":0},"b":{},"inputSourceMap":null,"_coverageSchema":"1a1c01bbd47fc00a2c39e90264f33305004495a9","hash":"90a234adb220bea91b7e59928a048c209b35a784"}
,"C:\\Users\\Erena\\StoryLines\\backend\\src\\services\\searchService.js": {"path":"C:\\Users\\Erena\\StoryLines\\backend\\src\\services\\searchService.js","statementMap":{"0":{"start":{"line":10,"column":2},"end":{"line":12,"column":3}},"1":{"start":{"line":11,"column":4},"end":{"line":11,"column":14}},"2":{"start":{"line":14,"column":24},"end":{"line":14,"column":49}},"3":{"start":{"line":17,"column":53},"end":{"line":21,"column":68}},"4":{"start":{"line":23,"column":2},"end":{"line":25,"column":3}},"5":{"start":{"line":24,"column":4},"end":{"line":24,"column":72}},"6":{"start":{"line":28,"column":20},"end":{"line":30,"column":3}},"7":{"start":{"line":29,"column":4},"end":{"line":29,"column":57}},"8":{"start":{"line":33,"column":49},"end":{"line":39,"column":14}},"9":{"start":{"line":41,"column":2},"end":{"line":43,"column":3}},"10":{"start":{"line":42,"column":4},"end":{"line":42,"column":70}},"11":{"start":{"line":46,"column":18},"end":{"line":46,"column":20}},"12":{"start":{"line":47,"column":20},"end":{"line":47,"column":22}},"13":{"start":{"line":49,"column":2},"end":{"line":55,"column":5}},"14":{"start":{"line":50,"column":4},"end":{"line":54,"column":5}},"15":{"start":{"line":51,"column":6},"end":{"line":51,"column":48}},"16":{"start":{"line":53,"column":6},"end":{"line":53,"column":51}},"17":{"start":{"line":58,"column":18},"end":{"line":58,"column":57}},"18":{"start":{"line":60,"column":2},"end":{"line":60,"column":17}},"19":{"start":{"line":71,"column":26},"end":{"line":74,"column":120}},"20":{"start":{"line":76,"column":2},"end":{"line":78,"column":3}},"21":{"start":{"line":77,"column":4},"end":{"line":77,"column":76}},"22":{"start":{"line":80,"column":2},"end":{"line":82,"column":3}},"23":{"start":{"line":81,"column":4},"end":{"line":81,"column":18}},"24":{"start":{"line":84,"column":19},"end":{"line":84,"column":26}},"25":{"start":{"line":86,"column":2},"end":{"line":88,"column":3}},"26":{"start":{"line":87,"column":4},"end":{"line":87,"column":21}},"27":{"start":{"line":90,"column":2},"end":{"line":97,"column":3}},"28":{"start":{"line":92,"column":4},"end":{"line":96,"column":5}},"29":{"start":{"line":93,"column":6},"end":{"line":93,"column":28}},"30":{"start":{"line":95,"column":6},"end":{"line":95,"column":32}},"31":{"start":{"line":99,"column":2},"end":{"line":99,"column":16}},"32":{"start":{"line":110,"column":2},"end":{"line":115,"column":3}},"33":{"start":{"line":111,"column":4},"end":{"line":114,"column":6}},"34":{"start":{"line":118,"column":49},"end":{"line":122,"column":13}},"35":{"start":{"line":124,"column":2},"end":{"line":129,"column":3}},"36":{"start":{"line":125,"column":4},"end":{"line":128,"column":6}},"37":{"start":{"line":132,"column":24},"end":{"line":132,"column":71}},"38":{"start":{"line":134,"column":2},"end":{"line":139,"column":3}},"39":{"start":{"line":135,"column":4},"end":{"line":138,"column":6}},"40":{"start":{"line":141,"column":2},"end":{"line":146,"column":3}},"41":{"start":{"line":142,"column":4},"end":{"line":145,"column":6}},"42":{"start":{"line":148,"column":2},"end":{"line":153,"column":3}},"43":{"start":{"line":149,"column":4},"end":{"line":152,"column":6}},"44":{"start":{"line":155,"column":2},"end":{"line":155,"column":25}}},"fnMap":{"0":{"name":"searchUsers","decl":{"start":{"line":9,"column":22},"end":{"line":9,"column":33}},"loc":{"start":{"line":9,"column":56},"end":{"line":61,"column":1}},"line":9},"1":{"name":"(anonymous_1)","decl":{"start":{"line":28,"column":36},"end":{"line":28,"column":37}},"loc":{"start":{"line":29,"column":4},"end":{"line":29,"column":57}},"line":29},"2":{"name":"(anonymous_2)","decl":{"start":{"line":49,"column":20},"end":{"line":49,"column":21}},"loc":{"start":{"line":49,"column":28},"end":{"line":55,"column":3}},"line":49},"3":{"name":"getFriendshipStatus","decl":{"start":{"line":69,"column":22},"end":{"line":69,"column":41}},"loc":{"start":{"line":69,"column":64},"end":{"line":100,"column":1}},"line":69},"4":{"name":"validateFriendRequest","decl":{"start":{"line":108,"column":22},"end":{"line":108,"column":43}},"loc":{"start":{"line":108,"column":66},"end":{"line":156,"column":1}},"line":108}},"branchMap":{"0":{"loc":{"start":{"line":10,"column":2},"end":{"line":12,"column":3}},"type":"if","locations":[{"start":{"line":10,"column":2},"end":{"line":12,"column":3}},{"start":{},"end":{}}],"line":10},"1":{"loc":{"start":{"line":10,"column":6},"end":{"line":10,"column":41}},"type":"binary-expr","locations":[{"start":{"line":10,"column":6},"end":{"line":10,"column":12}},{"start":{"line":10,"column":16},"end":{"line":10,"column":41}}],"line":10},"2":{"loc":{"start":{"line":23,"column":2},"end":{"line":25,"column":3}},"type":"if","locations":[{"start":{"line":23,"column":2},"end":{"line":25,"column":3}},{"start":{},"end":{}}],"line":23},"3":{"loc":{"start":{"line":29,"column":4},"end":{"line":29,"column":57}},"type":"cond-expr","locations":[{"start":{"line":29,"column":34},"end":{"line":29,"column":45}},{"start":{"line":29,"column":48},"end":{"line":29,"column":57}}],"line":29},"4":{"loc":{"start":{"line":41,"column":2},"end":{"line":43,"column":3}},"type":"if","locations":[{"start":{"line":41,"column":2},"end":{"line":43,"column":3}},{"start":{},"end":{}}],"line":41},"5":{"loc":{"start":{"line":50,"column":4},"end":{"line":54,"column":5}},"type":"if","locations":[{"start":{"line":50,"column":4},"end":{"line":54,"column":5}},{"start":{"line":52,"column":11},"end":{"line":54,"column":5}}],"line":50},"6":{"loc":{"start":{"line":76,"column":2},"end":{"line":78,"column":3}},"type":"if","locations":[{"start":{"line":76,"column":2},"end":{"line":78,"column":3}},{"start":{},"end":{}}],"line":76},"7":{"loc":{"start":{"line":80,"column":2},"end":{"line":82,"column":3}},"type":"if","locations":[{"start":{"line":80,"column":2},"end":{"line":82,"column":3}},{"start":{},"end":{}}],"line":80},"8":{"loc":{"start":{"line":86,"column":2},"end":{"line":88,"column":3}},"type":"if","locations":[{"start":{"line":86,"column":2},"end":{"line":88,"column":3}},{"start":{},"end":{}}],"line":86},"9":{"loc":{"start":{"line":90,"column":2},"end":{"line":97,"column":3}},"type":"if","locations":[{"start":{"line":90,"column":2},"end":{"line":97,"column":3}},{"start":{},"end":{}}],"line":90},"10":{"loc":{"start":{"line":92,"column":4},"end":{"line":96,"column":5}},"type":"if","locations":[{"start":{"line":92,"column":4},"end":{"line":96,"column":5}},{"start":{"line":94,"column":11},"end":{"line":96,"column":5}}],"line":92},"11":{"loc":{"start":{"line":110,"column":2},"end":{"line":115,"column":3}},"type":"if","locations":[{"start":{"line":110,"column":2},"end":{"line":115,"column":3}},{"start":{},"end":{}}],"line":110},"12":{"loc":{"start":{"line":124,"column":2},"end":{"line":129,"column":3}},"type":"if","locations":[{"start":{"line":124,"column":2},"end":{"line":129,"column":3}},{"start":{},"end":{}}],"line":124},"13":{"loc":{"start":{"line":124,"column":6},"end":{"line":124,"column":30}},"type":"binary-expr","locations":[{"start":{"line":124,"column":6},"end":{"line":124,"column":15}},{"start":{"line":124,"column":19},"end":{"line":124,"column":30}}],"line":124},"14":{"loc":{"start":{"line":134,"column":2},"end":{"line":139,"column":3}},"type":"if","locations":[{"start":{"line":134,"column":2},"end":{"line":139,"column":3}},{"start":{},"end":{}}],"line":134},"15":{"loc":{"start":{"line":141,"column":2},"end":{"line":146,"column":3}},"type":"if","locations":[{"start":{"line":141,"column":2},"end":{"line":146,"column":3}},{"start":{},"end":{}}],"line":141},"16":{"loc":{"start":{"line":148,"column":2},"end":{"line":153,"column":3}},"type":"if","locations":[{"start":{"line":148,"column":2},"end":{"line":153,"column":3}},{"start":{},"end":{}}],"line":148}},"s":{"0":0,"1":0,"2":0,"3":0,"4":0,"5":0,"6":0,"7":0,"8":0,"9":0,"10":0,"11":0,"12":0,"13":0,"14":0,"15":0,"16":0,"17":0,"18":0,"19":0,"20":0,"21":0,"22":0,"23":0,"24":0,"25":0,"26":0,"27":0,"28":0,"29":0,"30":0,"31":0,"32":5,"33":1,"34":4,"35":4,"36":4,"37":0,"38":0,"39":0,"40":0,"41":0,"42":0,"43":0,"44":0},"f":{"0":0,"1":0,"2":0,"3":0,"4":5},"b":{"0":[0,0],"1":[0,0],"2":[0,0],"3":[0,0],"4":[0,0],"5":[0,0],"6":[0,0],"7":[0,0],"8":[0,0],"9":[0,0],"10":[0,0],"11":[1,4],"12":[4,0],"13":[4,4],"14":[0,0],"15":[0,0],"16":[0,0]},"inputSourceMap":null,"_coverageSchema":"1a1c01bbd47fc00a2c39e90264f33305004495a9","hash":"d9ef401b0948601f078674daf6e9b8be2de62370"}
,"C:\\Users\\Erena\\StoryLines\\backend\\src\\services\\userService.js": {"path":"C:\\Users\\Erena\\StoryLines\\backend\\src\\services\\userService.js","statementMap":{"0":{"start":{"line":3,"column":30},"end":{"line":19,"column":1}},"1":{"start":{"line":5,"column":31},"end":{"line":8,"column":25}},"2":{"start":{"line":10,"column":4},"end":{"line":12,"column":5}},"3":{"start":{"line":11,"column":8},"end":{"line":11,"column":100}},"4":{"start":{"line":13,"column":33},"end":{"line":13,"column":82}},"5":{"start":{"line":14,"column":4},"end":{"line":16,"column":5}},"6":{"start":{"line":15,"column":8},"end":{"line":15,"column":98}},"7":{"start":{"line":18,"column":4},"end":{"line":18,"column":67}}},"fnMap":{"0":{"name":"(anonymous_0)","decl":{"start":{"line":3,"column":30},"end":{"line":3,"column":31}},"loc":{"start":{"line":3,"column":48},"end":{"line":19,"column":1}},"line":3}},"branchMap":{"0":{"loc":{"start":{"line":10,"column":4},"end":{"line":12,"column":5}},"type":"if","locations":[{"start":{"line":10,"column":4},"end":{"line":12,"column":5}},{"start":{},"end":{}}],"line":10},"1":{"loc":{"start":{"line":14,"column":4},"end":{"line":16,"column":5}},"type":"if","locations":[{"start":{"line":14,"column":4},"end":{"line":16,"column":5}},{"start":{},"end":{}}],"line":14}},"s":{"0":13,"1":0,"2":0,"3":0,"4":0,"5":0,"6":0,"7":0},"f":{"0":0},"b":{"0":[0,0],"1":[0,0]},"inputSourceMap":null,"_coverageSchema":"1a1c01bbd47fc00a2c39e90264f33305004495a9","hash":"d1954f998c9236188f1c9d0fab0d5b76448291e8"}
}
