TN:
SF:src\app.js
FN:72,(anonymous_0)
FNF:1
FNH:1
FNDA:3,(anonymous_0)
DA:13,13
DA:15,13
DA:16,13
DA:17,13
DA:20,13
DA:21,13
DA:46,13
DA:47,13
DA:49,13
DA:50,13
DA:51,13
DA:53,13
DA:54,13
DA:55,13
DA:56,13
DA:57,13
DA:58,13
DA:59,13
DA:61,13
DA:62,13
DA:68,13
DA:69,13
DA:72,13
DA:73,3
LF:24
LH:24
BRF:0
BRH:0
end_of_record
TN:
SF:src\routes\addFriend.js
FN:7,buildDisplayName
FN:11,(anonymous_1)
FNF:2
FNH:1
FNDA:0,buildDisplayName
FNDA:7,(anonymous_1)
DA:5,13
DA:8,0
DA:11,13
DA:12,7
DA:13,7
DA:15,7
DA:16,2
DA:18,5
DA:20,5
DA:21,5
DA:22,5
DA:25,0
DA:31,0
DA:33,0
DA:39,0
DA:41,0
DA:49,0
DA:55,0
DA:56,0
LF:19
LH:10
BRDA:8,0,0,0
BRDA:8,0,1,0
BRDA:8,0,2,0
BRDA:15,1,0,2
BRDA:15,1,1,5
BRDA:15,2,0,7
BRDA:15,2,1,6
BRDA:20,3,0,5
BRDA:20,3,1,0
BRDA:21,4,0,0
BRDA:21,4,1,5
BRDA:31,5,0,0
BRDA:31,5,1,0
BRF:13
BRH:6
end_of_record
TN:
SF:src\routes\avatar.js
FN:8,(anonymous_0)
FN:57,(anonymous_1)
FNF:2
FNH:1
FNDA:2,(anonymous_0)
FNDA:0,(anonymous_1)
DA:5,13
DA:8,13
DA:9,2
DA:10,2
DA:12,2
DA:13,2
DA:15,0
DA:21,0
DA:22,0
DA:23,0
DA:26,0
DA:27,0
DA:28,0
DA:30,0
DA:32,0
DA:36,0
DA:38,0
DA:42,0
DA:44,0
DA:49,0
DA:51,0
DA:52,0
DA:57,13
DA:58,0
DA:59,0
DA:60,0
DA:62,0
DA:68,0
DA:69,0
DA:70,0
DA:73,0
DA:78,0
DA:80,0
DA:81,0
LF:34
LH:7
BRDA:12,0,0,2
BRDA:12,0,1,0
BRDA:12,1,0,2
BRDA:12,1,1,1
BRDA:21,2,0,0
BRDA:21,2,1,0
BRDA:26,3,0,0
BRDA:26,3,1,0
BRDA:27,4,0,0
BRDA:27,4,1,0
BRDA:36,5,0,0
BRDA:36,5,1,0
BRDA:42,6,0,0
BRDA:42,6,1,0
BRDA:60,7,0,0
BRDA:60,7,1,0
BRDA:68,8,0,0
BRDA:68,8,1,0
BRF:18
BRH:3
end_of_record
TN:
SF:src\routes\balance.js
FN:8,ensureBalanceRow
FN:33,(anonymous_1)
FN:49,(anonymous_2)
FN:85,(anonymous_3)
FNF:4
FNH:4
FNDA:4,ensureBalanceRow
FNDA:1,(anonymous_1)
FNDA:2,(anonymous_2)
FNDA:2,(anonymous_3)
DA:5,13
DA:10,4
DA:16,4
DA:17,4
DA:20,1
DA:26,0
DA:27,0
DA:33,13
DA:34,1
DA:36,1
DA:37,1
DA:38,0
DA:40,1
DA:41,1
DA:49,13
DA:50,2
DA:52,2
DA:54,2
DA:55,1
DA:58,1
DA:59,1
DA:60,1
DA:62,1
DA:72,0
DA:74,0
DA:76,1
DA:77,1
DA:85,13
DA:86,2
DA:88,2
DA:90,2
DA:91,0
DA:94,2
DA:95,2
DA:97,2
DA:98,1
DA:103,1
DA:105,1
DA:115,0
DA:117,0
DA:119,1
DA:120,1
LF:42
LH:34
BRDA:16,0,0,0
BRDA:16,0,1,4
BRDA:17,1,0,3
BRDA:17,1,1,1
BRDA:26,2,0,0
BRDA:26,2,1,0
BRDA:54,3,0,1
BRDA:54,3,1,1
BRDA:54,4,0,2
BRDA:54,4,1,2
BRDA:54,4,2,2
BRDA:72,5,0,0
BRDA:72,5,1,0
BRDA:90,6,0,0
BRDA:90,6,1,2
BRDA:90,7,0,2
BRDA:90,7,1,2
BRDA:90,7,2,2
BRDA:97,8,0,1
BRDA:97,8,1,1
BRDA:115,9,0,0
BRDA:115,9,1,0
BRF:22
BRH:14
end_of_record
TN:
SF:src\routes\deleteFriend.js
FN:6,(anonymous_0)
FN:22,(anonymous_1)
FNF:2
FNH:1
FNDA:5,(anonymous_0)
FNDA:0,(anonymous_1)
DA:4,13
DA:6,13
DA:7,5
DA:8,5
DA:10,5
DA:11,2
DA:13,3
DA:20,3
DA:22,0
DA:24,0
DA:25,0
DA:27,0
DA:29,0
DA:30,0
LF:14
LH:8
BRDA:10,0,0,2
BRDA:10,0,1,3
BRDA:10,1,0,5
BRDA:10,1,1,4
BRDA:20,2,0,3
BRDA:20,2,1,0
BRDA:20,3,0,3
BRDA:20,3,1,3
BRF:8
BRH:7
end_of_record
TN:
SF:src\routes\friendRequest.js
FN:6,buildDisplayName
FN:10,(anonymous_1)
FN:44,(anonymous_2)
FN:45,(anonymous_3)
FNF:4
FNH:1
FNDA:0,buildDisplayName
FNDA:4,(anonymous_1)
FNDA:0,(anonymous_2)
FNDA:0,(anonymous_3)
DA:4,13
DA:7,0
DA:10,13
DA:11,4
DA:12,4
DA:14,4
DA:15,3
DA:17,1
DA:23,1
DA:25,1
DA:27,0
DA:28,0
DA:30,0
DA:32,0
DA:33,0
DA:36,0
DA:37,0
DA:39,0
DA:44,0
DA:45,0
DA:47,0
DA:51,0
DA:53,0
DA:70,0
DA:74,0
DA:75,0
DA:76,0
DA:78,0
DA:81,0
DA:83,0
DA:84,0
LF:31
LH:9
BRDA:7,0,0,0
BRDA:7,0,1,0
BRDA:7,0,2,0
BRDA:14,1,0,3
BRDA:14,1,1,1
BRDA:14,2,0,4
BRDA:14,2,1,2
BRDA:14,2,2,1
BRDA:23,3,0,0
BRDA:23,3,1,1
BRDA:25,4,0,1
BRDA:25,4,1,0
BRDA:27,5,0,0
BRDA:27,5,1,0
BRDA:32,6,0,0
BRDA:32,6,1,0
BRDA:32,7,0,0
BRDA:32,7,1,0
BRDA:36,8,0,0
BRDA:36,8,1,0
BRDA:74,9,0,0
BRDA:74,9,1,0
BRF:22
BRH:7
end_of_record
TN:
SF:src\routes\friends.js
FN:6,(anonymous_0)
FN:32,(anonymous_1)
FNF:2
FNH:1
FNDA:2,(anonymous_0)
FNDA:0,(anonymous_1)
DA:4,13
DA:6,13
DA:7,2
DA:8,2
DA:9,2
DA:11,2
DA:13,1
DA:25,1
DA:26,0
DA:29,1
DA:30,1
DA:32,1
DA:33,0
DA:34,0
DA:36,0
DA:47,1
DA:49,0
DA:50,0
LF:18
LH:12
BRDA:11,0,0,1
BRDA:11,0,1,1
BRDA:25,1,0,0
BRDA:25,1,1,1
BRDA:30,2,0,0
BRDA:30,2,1,1
BRDA:34,3,0,0
BRDA:34,3,1,0
BRF:8
BRH:4
end_of_record
TN:
SF:src\routes\health.js
FN:5,(anonymous_0)
FNF:1
FNH:1
FNDA:3,(anonymous_0)
DA:3,13
DA:5,13
DA:6,3
LF:3
LH:3
BRDA:8,0,0,3
BRDA:8,0,1,0
BRF:2
BRH:1
end_of_record
TN:
SF:src\routes\notifications.js
FN:6,(anonymous_0)
FNF:1
FNH:1
FNDA:2,(anonymous_0)
DA:4,13
DA:6,13
DA:7,2
DA:8,2
DA:9,2
DA:11,1
DA:30,1
DA:32,1
DA:34,0
DA:35,0
LF:10
LH:8
BRDA:9,0,0,1
BRDA:9,0,1,1
BRDA:30,1,0,0
BRDA:30,1,1,1
BRF:4
BRH:3
end_of_record
TN:
SF:src\routes\profile.js
FN:9,(anonymous_0)
FN:15,(anonymous_1)
FN:35,(anonymous_2)
FN:133,(anonymous_3)
FNF:4
FNH:2
FNDA:12,(anonymous_0)
FNDA:15,(anonymous_1)
FNDA:0,(anonymous_2)
FNDA:0,(anonymous_3)
DA:4,13
DA:9,13
DA:10,12
DA:15,13
DA:16,15
DA:17,15
DA:18,15
DA:23,15
DA:24,3
DA:25,2
DA:27,1
DA:32,1
DA:34,1
DA:35,0
DA:38,1
DA:39,1
DA:43,0
DA:49,12
DA:50,1
DA:52,11
DA:53,1
DA:55,10
DA:56,0
DA:59,10
DA:60,10
DA:61,10
DA:62,10
DA:63,10
DA:68,10
DA:69,3
DA:73,7
DA:74,1
DA:76,6
DA:77,1
DA:84,5
DA:91,5
DA:92,0
DA:97,5
DA:103,5
DA:104,5
DA:105,5
DA:110,5
DA:115,5
DA:117,5
DA:123,0
DA:124,0
DA:133,13
DA:134,0
DA:135,0
DA:136,0
DA:138,0
DA:144,0
DA:145,0
DA:147,0
DA:149,0
DA:150,0
LF:56
LH:41
BRDA:9,0,0,0
BRDA:17,1,0,15
BRDA:17,1,1,0
BRDA:23,2,0,3
BRDA:23,2,1,12
BRDA:24,3,0,2
BRDA:24,3,1,1
BRDA:24,4,0,3
BRDA:24,4,1,2
BRDA:32,5,0,0
BRDA:32,5,1,1
BRDA:35,6,0,0
BRDA:35,6,1,0
BRDA:38,7,0,1
BRDA:38,7,1,0
BRDA:49,8,0,1
BRDA:49,8,1,11
BRDA:52,9,0,1
BRDA:52,9,1,10
BRDA:52,10,0,11
BRDA:52,10,1,10
BRDA:55,11,0,0
BRDA:55,11,1,10
BRDA:55,12,0,10
BRDA:55,12,1,0
BRDA:59,13,0,9
BRDA:59,13,1,1
BRDA:60,14,0,2
BRDA:60,14,1,8
BRDA:61,15,0,1
BRDA:61,15,1,9
BRDA:62,16,0,0
BRDA:62,16,1,10
BRDA:63,17,0,0
BRDA:63,17,1,10
BRDA:68,18,0,3
BRDA:68,18,1,7
BRDA:68,19,0,10
BRDA:68,19,1,8
BRDA:68,19,2,8
BRDA:73,20,0,1
BRDA:73,20,1,6
BRDA:73,21,0,7
BRDA:73,21,1,2
BRDA:76,22,0,1
BRDA:76,22,1,5
BRDA:76,23,0,6
BRDA:76,23,1,2
BRDA:91,24,0,0
BRDA:91,24,1,5
BRDA:103,25,0,1
BRDA:103,25,1,4
BRDA:104,26,0,1
BRDA:104,26,1,4
BRDA:105,27,0,0
BRDA:105,27,1,5
BRDA:115,28,0,0
BRDA:115,28,1,5
BRDA:136,29,0,0
BRDA:136,29,1,0
BRDA:144,30,0,0
BRDA:144,30,1,0
BRF:62
BRH:45
end_of_record
TN:
SF:src\routes\purchases.js
FN:7,(anonymous_0)
FN:17,(anonymous_1)
FN:21,(anonymous_2)
FNF:3
FNH:0
FNDA:0,(anonymous_0)
FNDA:0,(anonymous_1)
FNDA:0,(anonymous_2)
DA:4,13
DA:7,13
DA:8,0
DA:10,0
DA:15,0
DA:17,0
DA:21,13
DA:22,0
DA:25,0
DA:32,0
DA:33,0
DA:37,0
DA:43,0
DA:44,0
DA:48,0
DA:54,0
DA:55,0
DA:58,0
DA:59,0
DA:63,0
DA:69,0
DA:73,0
LF:22
LH:3
BRDA:15,0,0,0
BRDA:15,0,1,0
BRDA:32,1,0,0
BRDA:32,1,1,0
BRDA:43,2,0,0
BRDA:43,2,1,0
BRDA:43,3,0,0
BRDA:43,3,1,0
BRDA:54,4,0,0
BRDA:54,4,1,0
BRDA:54,5,0,0
BRDA:54,5,1,0
BRDA:58,6,0,0
BRDA:58,6,1,0
BRF:14
BRH:0
end_of_record
TN:
SF:src\routes\search.js
FN:7,(anonymous_0)
FN:17,(anonymous_1)
FN:31,(anonymous_2)
FNF:3
FNH:2
FNDA:2,(anonymous_0)
FNDA:0,(anonymous_1)
FNDA:1,(anonymous_2)
DA:4,13
DA:7,13
DA:8,2
DA:9,2
DA:11,2
DA:12,1
DA:14,0
DA:16,0
DA:17,0
DA:23,0
DA:25,0
DA:26,0
DA:31,13
DA:32,1
DA:33,1
DA:34,1
DA:36,1
DA:38,0
DA:40,0
DA:42,0
DA:43,0
LF:21
LH:11
BRDA:11,0,0,1
BRDA:11,0,1,1
BRDA:12,1,0,1
BRDA:12,1,1,0
BRDA:36,2,0,1
BRDA:36,2,1,0
BRF:6
BRH:4
end_of_record
TN:
SF:src\routes\shop.js
FN:7,(anonymous_0)
FN:21,(anonymous_1)
FN:41,(anonymous_2)
FNF:3
FNH:3
FNDA:1,(anonymous_0)
FNDA:1,(anonymous_1)
FNDA:2,(anonymous_2)
DA:4,13
DA:7,13
DA:8,1
DA:9,1
DA:14,1
DA:16,1
DA:17,0
DA:18,0
DA:21,1
DA:33,1
DA:35,0
DA:36,0
DA:41,13
DA:42,2
DA:44,2
DA:45,2
DA:51,2
DA:52,0
DA:53,0
DA:56,2
DA:57,1
DA:60,1
DA:72,1
DA:74,0
DA:75,0
LF:25
LH:17
BRDA:16,0,0,0
BRDA:16,0,1,1
BRDA:51,1,0,0
BRDA:51,1,1,2
BRDA:56,2,0,1
BRDA:56,2,1,1
BRF:6
BRH:4
end_of_record
TN:
SF:src\routes\trips.js
FN:9,(anonymous_0)
FN:28,(anonymous_1)
FN:39,(anonymous_2)
FN:64,(anonymous_3)
FN:77,(anonymous_4)
FN:98,(anonymous_5)
FN:109,(anonymous_6)
FN:116,(anonymous_7)
FN:126,(anonymous_8)
FN:138,(anonymous_9)
FN:159,(anonymous_10)
FN:179,(anonymous_11)
FN:193,(anonymous_12)
FN:262,(anonymous_13)
FN:302,(anonymous_14)
FN:342,(anonymous_15)
FN:371,(anonymous_16)
FN:399,(anonymous_17)
FN:428,(anonymous_18)
FN:460,(anonymous_19)
FN:480,(anonymous_20)
FNF:21
FNH:2
FNDA:1,(anonymous_0)
FNDA:0,(anonymous_1)
FNDA:0,(anonymous_2)
FNDA:0,(anonymous_3)
FNDA:0,(anonymous_4)
FNDA:0,(anonymous_5)
FNDA:0,(anonymous_6)
FNDA:0,(anonymous_7)
FNDA:0,(anonymous_8)
FNDA:0,(anonymous_9)
FNDA:0,(anonymous_10)
FNDA:0,(anonymous_11)
FNDA:0,(anonymous_12)
FNDA:2,(anonymous_13)
FNDA:0,(anonymous_14)
FNDA:0,(anonymous_15)
FNDA:0,(anonymous_16)
FNDA:0,(anonymous_17)
FNDA:0,(anonymous_18)
FNDA:0,(anonymous_19)
FNDA:0,(anonymous_20)
DA:4,13
DA:9,13
DA:10,1
DA:11,1
DA:16,1
DA:18,1
DA:25,1
DA:27,1
DA:28,1
DA:29,0
DA:30,0
DA:39,1
DA:54,1
DA:56,0
DA:57,0
DA:64,13
DA:65,0
DA:66,0
DA:69,0
DA:74,0
DA:77,0
DA:79,0
DA:85,0
DA:87,0
DA:95,0
DA:97,0
DA:98,0
DA:99,0
DA:100,0
DA:109,0
DA:116,0
DA:126,0
DA:128,0
DA:130,0
DA:131,0
DA:138,13
DA:139,0
DA:140,0
DA:142,0
DA:148,0
DA:149,0
DA:151,0
DA:159,0
DA:170,0
DA:179,0
DA:193,0
DA:195,0
DA:200,0
DA:205,0
DA:206,0
DA:207,0
DA:213,0
DA:216,0
DA:217,0
DA:218,0
DA:224,0
DA:227,0
DA:253,0
DA:254,0
DA:262,13
DA:263,2
DA:264,2
DA:266,2
DA:267,0
DA:268,0
DA:269,0
DA:270,0
DA:272,0
DA:278,0
DA:280,0
DA:282,0
DA:283,0
DA:292,0
DA:294,0
DA:295,0
DA:302,13
DA:303,0
DA:304,0
DA:305,0
DA:307,0
DA:308,0
DA:310,0
DA:317,0
DA:318,0
DA:322,0
DA:323,0
DA:325,0
DA:330,0
DA:335,0
DA:337,0
DA:338,0
DA:342,13
DA:343,0
DA:344,0
DA:346,0
DA:352,0
DA:356,0
DA:361,0
DA:363,0
DA:364,0
DA:371,13
DA:372,0
DA:373,0
DA:374,0
DA:376,0
DA:377,0
DA:379,0
DA:383,0
DA:387,0
DA:392,0
DA:394,0
DA:395,0
DA:399,13
DA:400,0
DA:401,0
DA:403,0
DA:409,0
DA:413,0
DA:418,0
DA:420,0
DA:421,0
DA:428,13
DA:429,0
DA:430,0
DA:431,0
DA:433,0
DA:434,0
DA:437,0
DA:444,0
DA:445,0
DA:449,0
DA:450,0
DA:453,0
DA:455,0
DA:456,0
DA:460,13
DA:461,0
DA:462,0
DA:464,0
DA:470,0
DA:472,0
DA:473,0
DA:480,13
DA:481,0
DA:482,0
DA:483,0
DA:486,0
DA:488,0
DA:489,0
LF:149
LH:24
BRDA:16,0,0,0
BRDA:16,0,1,1
BRDA:25,1,0,0
BRDA:25,1,1,1
BRDA:28,2,0,1
BRDA:28,2,1,0
BRDA:29,3,0,0
BRDA:29,3,1,0
BRDA:31,4,0,0
BRDA:31,4,1,0
BRDA:35,5,0,0
BRDA:35,5,1,0
BRDA:42,6,0,0
BRDA:42,6,1,0
BRDA:50,7,0,0
BRDA:50,7,1,0
BRDA:51,8,0,0
BRDA:51,8,1,0
BRDA:74,9,0,0
BRDA:74,9,1,0
BRDA:85,10,0,0
BRDA:85,10,1,0
BRDA:95,11,0,0
BRDA:95,11,1,0
BRDA:98,12,0,0
BRDA:98,12,1,0
BRDA:99,13,0,0
BRDA:99,13,1,0
BRDA:101,14,0,0
BRDA:101,14,1,0
BRDA:105,15,0,0
BRDA:105,15,1,0
BRDA:116,16,0,0
BRDA:116,16,1,0
BRDA:121,17,0,0
BRDA:121,17,1,0
BRDA:122,18,0,0
BRDA:122,18,1,0
BRDA:148,19,0,0
BRDA:148,19,1,0
BRDA:148,20,0,0
BRDA:148,20,1,0
BRDA:160,21,0,0
BRDA:160,21,1,0
BRDA:164,22,0,0
BRDA:164,22,1,0
BRDA:206,23,0,0
BRDA:206,23,1,0
BRDA:217,24,0,0
BRDA:217,24,1,0
BRDA:266,25,0,2
BRDA:266,25,1,0
BRDA:267,26,0,0
BRDA:267,26,1,0
BRDA:268,27,0,0
BRDA:268,27,1,0
BRDA:268,28,0,0
BRDA:268,28,1,0
BRDA:269,29,0,0
BRDA:269,29,1,0
BRDA:270,30,0,0
BRDA:270,30,1,0
BRDA:278,31,0,0
BRDA:278,31,1,0
BRDA:287,32,0,0
BRDA:287,32,1,0
BRDA:288,33,0,0
BRDA:288,33,1,0
BRDA:307,34,0,0
BRDA:307,34,1,0
BRDA:307,35,0,0
BRDA:307,35,1,0
BRDA:317,36,0,0
BRDA:317,36,1,0
BRDA:322,37,0,0
BRDA:322,37,1,0
BRDA:322,38,0,0
BRDA:322,38,1,0
BRDA:376,39,0,0
BRDA:376,39,1,0
BRDA:376,40,0,0
BRDA:376,40,1,0
BRDA:376,40,2,0
BRDA:433,41,0,0
BRDA:433,41,1,0
BRDA:433,42,0,0
BRDA:433,42,1,0
BRDA:444,43,0,0
BRDA:444,43,1,0
BRDA:449,44,0,0
BRDA:449,44,1,0
BRDA:449,45,0,0
BRDA:449,45,1,0
BRF:93
BRH:4
end_of_record
TN:
SF:src\routes\users.js
FN:7,(anonymous_0)
FNF:1
FNH:0
FNDA:0,(anonymous_0)
DA:4,13
DA:7,13
DA:9,0
DA:10,0
DA:11,0
DA:12,0
DA:14,0
LF:7
LH:2
BRF:0
BRH:0
end_of_record
TN:
SF:src\services\searchService.js
FN:9,searchUsers
FN:28,(anonymous_1)
FN:49,(anonymous_2)
FN:69,getFriendshipStatus
FN:108,validateFriendRequest
FNF:5
FNH:1
FNDA:0,searchUsers
FNDA:0,(anonymous_1)
FNDA:0,(anonymous_2)
FNDA:0,getFriendshipStatus
FNDA:5,validateFriendRequest
DA:10,0
DA:11,0
DA:14,0
DA:17,0
DA:23,0
DA:24,0
DA:28,0
DA:29,0
DA:33,0
DA:41,0
DA:42,0
DA:46,0
DA:47,0
DA:49,0
DA:50,0
DA:51,0
DA:53,0
DA:58,0
DA:60,0
DA:71,0
DA:76,0
DA:77,0
DA:80,0
DA:81,0
DA:84,0
DA:86,0
DA:87,0
DA:90,0
DA:92,0
DA:93,0
DA:95,0
DA:99,0
DA:110,5
DA:111,1
DA:118,4
DA:124,4
DA:125,4
DA:132,0
DA:134,0
DA:135,0
DA:141,0
DA:142,0
DA:148,0
DA:149,0
DA:155,0
LF:45
LH:5
BRDA:10,0,0,0
BRDA:10,0,1,0
BRDA:10,1,0,0
BRDA:10,1,1,0
BRDA:23,2,0,0
BRDA:23,2,1,0
BRDA:29,3,0,0
BRDA:29,3,1,0
BRDA:41,4,0,0
BRDA:41,4,1,0
BRDA:50,5,0,0
BRDA:50,5,1,0
BRDA:76,6,0,0
BRDA:76,6,1,0
BRDA:80,7,0,0
BRDA:80,7,1,0
BRDA:86,8,0,0
BRDA:86,8,1,0
BRDA:90,9,0,0
BRDA:90,9,1,0
BRDA:92,10,0,0
BRDA:92,10,1,0
BRDA:110,11,0,1
BRDA:110,11,1,4
BRDA:124,12,0,4
BRDA:124,12,1,0
BRDA:124,13,0,4
BRDA:124,13,1,4
BRDA:134,14,0,0
BRDA:134,14,1,0
BRDA:141,15,0,0
BRDA:141,15,1,0
BRDA:148,16,0,0
BRDA:148,16,1,0
BRF:34
BRH:5
end_of_record
TN:
SF:src\services\userService.js
FN:3,(anonymous_0)
FNF:1
FNH:0
FNDA:0,(anonymous_0)
DA:3,13
DA:5,0
DA:10,0
DA:11,0
DA:13,0
DA:14,0
DA:15,0
DA:18,0
LF:8
LH:1
BRDA:10,0,0,0
BRDA:10,0,1,0
BRDA:14,1,0,0
BRDA:14,1,1,0
BRF:4
BRH:0
end_of_record
